{"C:\\Users\\SURAJ\\Desktop\\personal apps\\smart-carbon-footprint-tracker\\frontend\\App.tsx": {"path":"C:\\Users\\SURAJ\\Desktop\\personal apps\\smart-carbon-footprint-tracker\\frontend\\App.tsx","statementMap":{"0":{"start":{"line":7,"column":6},"end":{"line":7,"column":null}},"1":{"start":{"line":7,"column":35},"end":{"line":7,"column":null}},"2":{"start":{"line":8,"column":6},"end":{"line":8,"column":null}},"3":{"start":{"line":8,"column":35},"end":{"line":8,"column":null}},"4":{"start":{"line":9,"column":6},"end":{"line":9,"column":null}},"5":{"start":{"line":9,"column":35},"end":{"line":9,"column":null}},"6":{"start":{"line":10,"column":6},"end":{"line":10,"column":null}},"7":{"start":{"line":10,"column":35},"end":{"line":10,"column":null}},"8":{"start":{"line":11,"column":6},"end":{"line":11,"column":null}},"9":{"start":{"line":11,"column":35},"end":{"line":11,"column":null}},"10":{"start":{"line":12,"column":6},"end":{"line":12,"column":null}},"11":{"start":{"line":12,"column":35},"end":{"line":12,"column":null}},"12":{"start":{"line":13,"column":6},"end":{"line":13,"column":null}},"13":{"start":{"line":13,"column":35},"end":{"line":13,"column":null}},"14":{"start":{"line":14,"column":6},"end":{"line":14,"column":null}},"15":{"start":{"line":14,"column":35},"end":{"line":14,"column":null}},"16":{"start":{"line":15,"column":6},"end":{"line":15,"column":null}},"17":{"start":{"line":15,"column":35},"end":{"line":15,"column":null}},"18":{"start":{"line":16,"column":6},"end":{"line":16,"column":null}},"19":{"start":{"line":16,"column":35},"end":{"line":16,"column":null}},"20":{"start":{"line":19,"column":6},"end":{"line":33,"column":null}},"21":{"start":{"line":20,"column":2},"end":{"line":33,"column":null}},"22":{"start":{"line":42,"column":4},"end":{"line":42,"column":null}},"23":{"start":{"line":43,"column":4},"end":{"line":43,"column":null}},"24":{"start":{"line":47,"column":4},"end":{"line":47,"column":null}},"25":{"start":{"line":51,"column":4},"end":{"line":51,"column":null}},"26":{"start":{"line":52,"column":4},"end":{"line":58,"column":null}},"27":{"start":{"line":56,"column":6},"end":{"line":56,"column":null}},"28":{"start":{"line":57,"column":6},"end":{"line":57,"column":null}},"29":{"start":{"line":62,"column":4},"end":{"line":83,"column":null}},"30":{"start":{"line":63,"column":6},"end":{"line":81,"column":null}},"31":{"start":{"line":75,"column":27},"end":{"line":75,"column":null}},"32":{"start":{"line":84,"column":4},"end":{"line":84,"column":null}},"33":{"start":{"line":89,"column":6},"end":{"line":122,"column":null}},"34":{"start":{"line":90,"column":10},"end":{"line":90,"column":null}},"35":{"start":{"line":92,"column":2},"end":{"line":100,"column":null}},"36":{"start":{"line":93,"column":4},"end":{"line":98,"column":null}},"37":{"start":{"line":102,"column":2},"end":{"line":120,"column":null}},"38":{"start":{"line":129,"column":2},"end":{"line":140,"column":null}},"39":{"start":{"line":145,"column":0},"end":{"line":150,"column":null}},"40":{"start":{"line":146,"column":2},"end":{"line":149,"column":null}},"41":{"start":{"line":147,"column":4},"end":{"line":147,"column":null}},"42":{"start":{"line":148,"column":4},"end":{"line":148,"column":null}}},"fnMap":{"0":{"name":"(anonymous_0)","decl":{"start":{"line":7,"column":24},"end":{"line":7,"column":35}},"loc":{"start":{"line":7,"column":35},"end":{"line":7,"column":null}},"line":7},"1":{"name":"(anonymous_1)","decl":{"start":{"line":8,"column":24},"end":{"line":8,"column":35}},"loc":{"start":{"line":8,"column":35},"end":{"line":8,"column":null}},"line":8},"2":{"name":"(anonymous_2)","decl":{"start":{"line":9,"column":24},"end":{"line":9,"column":35}},"loc":{"start":{"line":9,"column":35},"end":{"line":9,"column":null}},"line":9},"3":{"name":"(anonymous_3)","decl":{"start":{"line":10,"column":24},"end":{"line":10,"column":35}},"loc":{"start":{"line":10,"column":35},"end":{"line":10,"column":null}},"line":10},"4":{"name":"(anonymous_4)","decl":{"start":{"line":11,"column":24},"end":{"line":11,"column":35}},"loc":{"start":{"line":11,"column":35},"end":{"line":11,"column":null}},"line":11},"5":{"name":"(anonymous_5)","decl":{"start":{"line":12,"column":24},"end":{"line":12,"column":35}},"loc":{"start":{"line":12,"column":35},"end":{"line":12,"column":null}},"line":12},"6":{"name":"(anonymous_6)","decl":{"start":{"line":13,"column":24},"end":{"line":13,"column":35}},"loc":{"start":{"line":13,"column":35},"end":{"line":13,"column":null}},"line":13},"7":{"name":"(anonymous_7)","decl":{"start":{"line":14,"column":24},"end":{"line":14,"column":35}},"loc":{"start":{"line":14,"column":35},"end":{"line":14,"column":null}},"line":14},"8":{"name":"(anonymous_8)","decl":{"start":{"line":15,"column":24},"end":{"line":15,"column":35}},"loc":{"start":{"line":15,"column":35},"end":{"line":15,"column":null}},"line":15},"9":{"name":"(anonymous_9)","decl":{"start":{"line":16,"column":24},"end":{"line":16,"column":35}},"loc":{"start":{"line":16,"column":35},"end":{"line":16,"column":null}},"line":16},"10":{"name":"(anonymous_10)","decl":{"start":{"line":19,"column":6},"end":{"line":19,"column":null}},"loc":{"start":{"line":20,"column":2},"end":{"line":33,"column":null}},"line":20},"11":{"name":"constructor","decl":{"start":{"line":41,"column":2},"end":{"line":41,"column":14}},"loc":{"start":{"line":41,"column":41},"end":{"line":44,"column":null}},"line":41},"12":{"name":"getDerivedStateFromError","decl":{"start":{"line":46,"column":9},"end":{"line":46,"column":34}},"loc":{"start":{"line":46,"column":68},"end":{"line":48,"column":null}},"line":46},"13":{"name":"componentDidCatch","decl":{"start":{"line":50,"column":2},"end":{"line":50,"column":20}},"loc":{"start":{"line":50,"column":57},"end":{"line":59,"column":null}},"line":50},"14":{"name":"render","decl":{"start":{"line":61,"column":2},"end":{"line":61,"column":11}},"loc":{"start":{"line":61,"column":11},"end":{"line":85,"column":null}},"line":61},"15":{"name":"(anonymous_15)","decl":{"start":{"line":75,"column":12},"end":{"line":75,"column":27}},"loc":{"start":{"line":75,"column":27},"end":{"line":75,"column":null}},"line":75},"16":{"name":"(anonymous_16)","decl":{"start":{"line":89,"column":6},"end":{"line":89,"column":32}},"loc":{"start":{"line":89,"column":32},"end":{"line":122,"column":null}},"line":89},"17":{"name":"App","decl":{"start":{"line":128,"column":24},"end":{"line":128,"column":30}},"loc":{"start":{"line":128,"column":30},"end":{"line":142,"column":null}},"line":128},"18":{"name":"(anonymous_18)","decl":{"start":{"line":146,"column":26},"end":{"line":146,"column":53}},"loc":{"start":{"line":146,"column":53},"end":{"line":149,"column":3}},"line":146}},"branchMap":{"0":{"loc":{"start":{"line":52,"column":4},"end":{"line":58,"column":null}},"type":"if","locations":[{"start":{"line":52,"column":4},"end":{"line":58,"column":null}},{"start":{},"end":{}}],"line":52},"1":{"loc":{"start":{"line":52,"column":8},"end":{"line":54,"column":null}},"type":"binary-expr","locations":[{"start":{"line":52,"column":8},"end":{"line":52,"column":17}},{"start":{"line":52,"column":17},"end":{"line":52,"column":null}},{"start":{"line":53,"column":6},"end":{"line":53,"column":null}},{"start":{"line":54,"column":6},"end":{"line":54,"column":null}}],"line":52},"2":{"loc":{"start":{"line":62,"column":4},"end":{"line":83,"column":null}},"type":"if","locations":[{"start":{"line":62,"column":4},"end":{"line":83,"column":null}},{"start":{},"end":{}}],"line":62},"3":{"loc":{"start":{"line":63,"column":13},"end":{"line":81,"column":null}},"type":"binary-expr","locations":[{"start":{"line":63,"column":13},"end":{"line":63,"column":null}},{"start":{"line":64,"column":8},"end":{"line":81,"column":null}}],"line":63},"4":{"loc":{"start":{"line":72,"column":13},"end":{"line":72,"column":null}},"type":"binary-expr","locations":[{"start":{"line":72,"column":13},"end":{"line":72,"column":42}},{"start":{"line":72,"column":42},"end":{"line":72,"column":null}}],"line":72},"5":{"loc":{"start":{"line":92,"column":2},"end":{"line":100,"column":null}},"type":"if","locations":[{"start":{"line":92,"column":2},"end":{"line":100,"column":null}},{"start":{},"end":{}}],"line":92},"6":{"loc":{"start":{"line":145,"column":0},"end":{"line":150,"column":null}},"type":"if","locations":[{"start":{"line":145,"column":0},"end":{"line":150,"column":null}},{"start":{},"end":{}}],"line":145}},"s":{"0":1,"1":1,"2":1,"3":0,"4":1,"5":0,"6":1,"7":0,"8":1,"9":0,"10":1,"11":0,"12":1,"13":0,"14":1,"15":0,"16":1,"17":0,"18":1,"19":0,"20":1,"21":2,"22":2,"23":2,"24":0,"25":0,"26":0,"27":0,"28":0,"29":2,"30":0,"31":0,"32":2,"33":1,"34":2,"35":2,"36":2,"37":0,"38":2,"39":1,"40":1,"41":0,"42":0},"f":{"0":1,"1":0,"2":0,"3":0,"4":0,"5":0,"6":0,"7":0,"8":0,"9":0,"10":2,"11":2,"12":1,"13":0,"14":2,"15":0,"16":2,"17":2,"18":0},"b":{"0":[0,0],"1":[0,0,0,0],"2":[0,2],"3":[0,0],"4":[0,0],"5":[2,0],"6":[1,0]},"meta":{"lastBranch":7,"lastFunction":19,"lastStatement":43,"seen":{"s:7:6:7:Infinity":0,"f:7:24:7:35":0,"s:7:35:7:Infinity":1,"s:8:6:8:Infinity":2,"f:8:24:8:35":1,"s:8:35:8:Infinity":3,"s:9:6:9:Infinity":4,"f:9:24:9:35":2,"s:9:35:9:Infinity":5,"s:10:6:10:Infinity":6,"f:10:24:10:35":3,"s:10:35:10:Infinity":7,"s:11:6:11:Infinity":8,"f:11:24:11:35":4,"s:11:35:11:Infinity":9,"s:12:6:12:Infinity":10,"f:12:24:12:35":5,"s:12:35:12:Infinity":11,"s:13:6:13:Infinity":12,"f:13:24:13:35":6,"s:13:35:13:Infinity":13,"s:14:6:14:Infinity":14,"f:14:24:14:35":7,"s:14:35:14:Infinity":15,"s:15:6:15:Infinity":16,"f:15:24:15:35":8,"s:15:35:15:Infinity":17,"s:16:6:16:Infinity":18,"f:16:24:16:35":9,"s:16:35:16:Infinity":19,"s:19:6:33:Infinity":20,"f:19:6:19:Infinity":10,"s:20:2:33:Infinity":21,"f:41:2:41:14":11,"s:42:4:42:Infinity":22,"s:43:4:43:Infinity":23,"f:46:9:46:34":12,"s:47:4:47:Infinity":24,"f:50:2:50:20":13,"s:51:4:51:Infinity":25,"b:52:4:58:Infinity:undefined:undefined:undefined:undefined":0,"s:52:4:58:Infinity":26,"b:52:8:52:17:52:17:52:Infinity:53:6:53:Infinity:54:6:54:Infinity":1,"s:56:6:56:Infinity":27,"s:57:6:57:Infinity":28,"f:61:2:61:11":14,"b:62:4:83:Infinity:undefined:undefined:undefined:undefined":2,"s:62:4:83:Infinity":29,"s:63:6:81:Infinity":30,"b:63:13:63:Infinity:64:8:81:Infinity":3,"b:72:13:72:42:72:42:72:Infinity":4,"f:75:12:75:27":15,"s:75:27:75:Infinity":31,"s:84:4:84:Infinity":32,"s:89:6:122:Infinity":33,"f:89:6:89:32":16,"s:90:10:90:Infinity":34,"b:92:2:100:Infinity:undefined:undefined:undefined:undefined":5,"s:92:2:100:Infinity":35,"s:93:4:98:Infinity":36,"s:102:2:120:Infinity":37,"f:128:24:128:30":17,"s:129:2:140:Infinity":38,"b:145:0:150:Infinity:undefined:undefined:undefined:undefined":6,"s:145:0:150:Infinity":39,"s:146:2:149:Infinity":40,"f:146:26:146:53":18,"s:147:4:147:Infinity":41,"s:148:4:148:Infinity":42},"fnNames":{}}}
,"C:\\Users\\SURAJ\\Desktop\\personal apps\\smart-carbon-footprint-tracker\\frontend\\constants.ts": {"path":"C:\\Users\\SURAJ\\Desktop\\personal apps\\smart-carbon-footprint-tracker\\frontend\\constants.ts","statementMap":{"0":{"start":{"line":3,"column":25},"end":{"line":7,"column":null}},"1":{"start":{"line":9,"column":25},"end":{"line":30,"column":null}},"2":{"start":{"line":32,"column":13},"end":{"line":38,"column":null}},"3":{"start":{"line":33,"column":2},"end":{"line":33,"column":null}},"4":{"start":{"line":33,"column":16},"end":{"line":33,"column":null}},"5":{"start":{"line":34,"column":2},"end":{"line":34,"column":null}},"6":{"start":{"line":34,"column":27},"end":{"line":34,"column":null}},"7":{"start":{"line":35,"column":2},"end":{"line":35,"column":null}},"8":{"start":{"line":35,"column":46},"end":{"line":35,"column":null}},"9":{"start":{"line":36,"column":2},"end":{"line":36,"column":null}},"10":{"start":{"line":36,"column":36},"end":{"line":36,"column":null}},"11":{"start":{"line":37,"column":2},"end":{"line":37,"column":null}},"12":{"start":{"line":40,"column":13},"end":{"line":48,"column":null}},"13":{"start":{"line":41,"column":2},"end":{"line":41,"column":null}},"14":{"start":{"line":41,"column":14},"end":{"line":41,"column":null}},"15":{"start":{"line":42,"column":2},"end":{"line":42,"column":null}},"16":{"start":{"line":42,"column":31},"end":{"line":42,"column":null}},"17":{"start":{"line":43,"column":2},"end":{"line":43,"column":null}},"18":{"start":{"line":43,"column":25},"end":{"line":43,"column":null}},"19":{"start":{"line":44,"column":2},"end":{"line":44,"column":null}},"20":{"start":{"line":44,"column":29},"end":{"line":44,"column":null}},"21":{"start":{"line":45,"column":2},"end":{"line":45,"column":null}},"22":{"start":{"line":45,"column":30},"end":{"line":45,"column":null}},"23":{"start":{"line":46,"column":2},"end":{"line":46,"column":null}},"24":{"start":{"line":46,"column":27},"end":{"line":46,"column":null}},"25":{"start":{"line":47,"column":2},"end":{"line":47,"column":null}},"26":{"start":{"line":50,"column":26},"end":{"line":50,"column":null}},"27":{"start":{"line":51,"column":23},"end":{"line":51,"column":null}},"28":{"start":{"line":52,"column":27},"end":{"line":52,"column":null}},"29":{"start":{"line":54,"column":21},"end":{"line":61,"column":null}},"30":{"start":{"line":63,"column":29},"end":{"line":63,"column":null}},"31":{"start":{"line":64,"column":29},"end":{"line":64,"column":null}},"32":{"start":{"line":65,"column":25},"end":{"line":65,"column":null}},"33":{"start":{"line":67,"column":33},"end":{"line":75,"column":null}},"34":{"start":{"line":77,"column":59},"end":{"line":81,"column":null}},"35":{"start":{"line":83,"column":135},"end":{"line":94,"column":null}},"36":{"start":{"line":96,"column":22},"end":{"line":104,"column":null}},"37":{"start":{"line":106,"column":13},"end":{"line":112,"column":null}},"38":{"start":{"line":107,"column":21},"end":{"line":107,"column":null}},"39":{"start":{"line":108,"column":2},"end":{"line":110,"column":null}},"40":{"start":{"line":109,"column":4},"end":{"line":109,"column":null}},"41":{"start":{"line":109,"column":23},"end":{"line":109,"column":null}},"42":{"start":{"line":111,"column":2},"end":{"line":111,"column":null}},"43":{"start":{"line":115,"column":31},"end":{"line":163,"column":null}}},"fnMap":{"0":{"name":"(anonymous_0)","decl":{"start":{"line":32,"column":13},"end":{"line":32,"column":36}},"loc":{"start":{"line":32,"column":66},"end":{"line":38,"column":null}},"line":32},"1":{"name":"(anonymous_1)","decl":{"start":{"line":40,"column":13},"end":{"line":40,"column":34}},"loc":{"start":{"line":40,"column":62},"end":{"line":48,"column":null}},"line":40},"2":{"name":"(anonymous_2)","decl":{"start":{"line":106,"column":13},"end":{"line":106,"column":29}},"loc":{"start":{"line":106,"column":44},"end":{"line":112,"column":null}},"line":106}},"branchMap":{"0":{"loc":{"start":{"line":33,"column":2},"end":{"line":33,"column":null}},"type":"if","locations":[{"start":{"line":33,"column":2},"end":{"line":33,"column":null}},{"start":{},"end":{}}],"line":33},"1":{"loc":{"start":{"line":34,"column":2},"end":{"line":34,"column":null}},"type":"if","locations":[{"start":{"line":34,"column":2},"end":{"line":34,"column":null}},{"start":{},"end":{}}],"line":34},"2":{"loc":{"start":{"line":35,"column":2},"end":{"line":35,"column":null}},"type":"if","locations":[{"start":{"line":35,"column":2},"end":{"line":35,"column":null}},{"start":{},"end":{}}],"line":35},"3":{"loc":{"start":{"line":36,"column":2},"end":{"line":36,"column":null}},"type":"if","locations":[{"start":{"line":36,"column":2},"end":{"line":36,"column":null}},{"start":{},"end":{}}],"line":36},"4":{"loc":{"start":{"line":41,"column":2},"end":{"line":41,"column":null}},"type":"if","locations":[{"start":{"line":41,"column":2},"end":{"line":41,"column":null}},{"start":{},"end":{}}],"line":41},"5":{"loc":{"start":{"line":42,"column":2},"end":{"line":42,"column":null}},"type":"if","locations":[{"start":{"line":42,"column":2},"end":{"line":42,"column":null}},{"start":{},"end":{}}],"line":42},"6":{"loc":{"start":{"line":43,"column":2},"end":{"line":43,"column":null}},"type":"if","locations":[{"start":{"line":43,"column":2},"end":{"line":43,"column":null}},{"start":{},"end":{}}],"line":43},"7":{"loc":{"start":{"line":44,"column":2},"end":{"line":44,"column":null}},"type":"if","locations":[{"start":{"line":44,"column":2},"end":{"line":44,"column":null}},{"start":{},"end":{}}],"line":44},"8":{"loc":{"start":{"line":45,"column":2},"end":{"line":45,"column":null}},"type":"if","locations":[{"start":{"line":45,"column":2},"end":{"line":45,"column":null}},{"start":{},"end":{}}],"line":45},"9":{"loc":{"start":{"line":46,"column":2},"end":{"line":46,"column":null}},"type":"if","locations":[{"start":{"line":46,"column":2},"end":{"line":46,"column":null}},{"start":{},"end":{}}],"line":46},"10":{"loc":{"start":{"line":109,"column":4},"end":{"line":109,"column":null}},"type":"if","locations":[{"start":{"line":109,"column":4},"end":{"line":109,"column":null}},{"start":{},"end":{}}],"line":109}},"s":{"0":5,"1":5,"2":5,"3":8,"4":1,"5":7,"6":7,"7":5,"8":5,"9":3,"10":3,"11":1,"12":5,"13":10,"14":1,"15":9,"16":9,"17":7,"18":7,"19":6,"20":6,"21":5,"22":5,"23":3,"24":3,"25":1,"26":5,"27":5,"28":5,"29":5,"30":5,"31":5,"32":5,"33":5,"34":5,"35":5,"36":5,"37":5,"38":11,"39":11,"40":77,"41":40,"42":11,"43":5},"f":{"0":8,"1":10,"2":11},"b":{"0":[1,7],"1":[2,5],"2":[2,3],"3":[2,1],"4":[1,9],"5":[2,7],"6":[1,6],"7":[1,5],"8":[2,3],"9":[2,1],"10":[40,37]},"meta":{"lastBranch":11,"lastFunction":3,"lastStatement":44,"seen":{"s:3:25:7:Infinity":0,"s:9:25:30:Infinity":1,"s:32:13:38:Infinity":2,"f:32:13:32:36":0,"b:33:2:33:Infinity:undefined:undefined:undefined:undefined":0,"s:33:2:33:Infinity":3,"s:33:16:33:Infinity":4,"b:34:2:34:Infinity:undefined:undefined:undefined:undefined":1,"s:34:2:34:Infinity":5,"s:34:27:34:Infinity":6,"b:35:2:35:Infinity:undefined:undefined:undefined:undefined":2,"s:35:2:35:Infinity":7,"s:35:46:35:Infinity":8,"b:36:2:36:Infinity:undefined:undefined:undefined:undefined":3,"s:36:2:36:Infinity":9,"s:36:36:36:Infinity":10,"s:37:2:37:Infinity":11,"s:40:13:48:Infinity":12,"f:40:13:40:34":1,"b:41:2:41:Infinity:undefined:undefined:undefined:undefined":4,"s:41:2:41:Infinity":13,"s:41:14:41:Infinity":14,"b:42:2:42:Infinity:undefined:undefined:undefined:undefined":5,"s:42:2:42:Infinity":15,"s:42:31:42:Infinity":16,"b:43:2:43:Infinity:undefined:undefined:undefined:undefined":6,"s:43:2:43:Infinity":17,"s:43:25:43:Infinity":18,"b:44:2:44:Infinity:undefined:undefined:undefined:undefined":7,"s:44:2:44:Infinity":19,"s:44:29:44:Infinity":20,"b:45:2:45:Infinity:undefined:undefined:undefined:undefined":8,"s:45:2:45:Infinity":21,"s:45:30:45:Infinity":22,"b:46:2:46:Infinity:undefined:undefined:undefined:undefined":9,"s:46:2:46:Infinity":23,"s:46:27:46:Infinity":24,"s:47:2:47:Infinity":25,"s:50:26:50:Infinity":26,"s:51:23:51:Infinity":27,"s:52:27:52:Infinity":28,"s:54:21:61:Infinity":29,"s:63:29:63:Infinity":30,"s:64:29:64:Infinity":31,"s:65:25:65:Infinity":32,"s:67:33:75:Infinity":33,"s:77:59:81:Infinity":34,"s:83:135:94:Infinity":35,"s:96:22:104:Infinity":36,"s:106:13:112:Infinity":37,"f:106:13:106:29":2,"s:107:21:107:Infinity":38,"s:108:2:110:Infinity":39,"b:109:4:109:Infinity:undefined:undefined:undefined:undefined":10,"s:109:4:109:Infinity":40,"s:109:23:109:Infinity":41,"s:111:2:111:Infinity":42,"s:115:31:163:Infinity":43},"fnNames":{}}}
,"C:\\Users\\SURAJ\\Desktop\\personal apps\\smart-carbon-footprint-tracker\\frontend\\components\\DailyMotivation.tsx": {"path":"C:\\Users\\SURAJ\\Desktop\\personal apps\\smart-carbon-footprint-tracker\\frontend\\components\\DailyMotivation.tsx","statementMap":{"0":{"start":{"line":5,"column":13},"end":{"line":53,"column":null}},"1":{"start":{"line":6,"column":10},"end":{"line":6,"column":null}},"2":{"start":{"line":7,"column":14},"end":{"line":7,"column":null}},"3":{"start":{"line":8,"column":20},"end":{"line":8,"column":null}},"4":{"start":{"line":11,"column":2},"end":{"line":22,"column":null}},"5":{"start":{"line":12,"column":22},"end":{"line":12,"column":null}},"6":{"start":{"line":13,"column":18},"end":{"line":13,"column":null}},"7":{"start":{"line":14,"column":22},"end":{"line":14,"column":null}},"8":{"start":{"line":15,"column":17},"end":{"line":15,"column":null}},"9":{"start":{"line":16,"column":4},"end":{"line":20,"column":null}},"10":{"start":{"line":17,"column":6},"end":{"line":17,"column":null}},"11":{"start":{"line":18,"column":6},"end":{"line":18,"column":null}},"12":{"start":{"line":19,"column":6},"end":{"line":19,"column":null}},"13":{"start":{"line":21,"column":4},"end":{"line":21,"column":null}},"14":{"start":{"line":25,"column":2},"end":{"line":30,"column":null}},"15":{"start":{"line":26,"column":4},"end":{"line":29,"column":null}},"16":{"start":{"line":27,"column":18},"end":{"line":27,"column":null}},"17":{"start":{"line":28,"column":6},"end":{"line":28,"column":null}},"18":{"start":{"line":32,"column":2},"end":{"line":32,"column":null}},"19":{"start":{"line":32,"column":18},"end":{"line":32,"column":null}},"20":{"start":{"line":34,"column":2},"end":{"line":51,"column":null}}},"fnMap":{"0":{"name":"(anonymous_0)","decl":{"start":{"line":5,"column":13},"end":{"line":5,"column":47}},"loc":{"start":{"line":5,"column":47},"end":{"line":53,"column":null}},"line":5},"1":{"name":"(anonymous_1)","decl":{"start":{"line":11,"column":2},"end":{"line":11,"column":18}},"loc":{"start":{"line":11,"column":18},"end":{"line":22,"column":5}},"line":11},"2":{"name":"(anonymous_2)","decl":{"start":{"line":25,"column":2},"end":{"line":25,"column":18}},"loc":{"start":{"line":25,"column":18},"end":{"line":30,"column":5}},"line":25}},"branchMap":{"0":{"loc":{"start":{"line":12,"column":29},"end":{"line":12,"column":78}},"type":"binary-expr","locations":[{"start":{"line":12,"column":29},"end":{"line":12,"column":75}},{"start":{"line":12,"column":75},"end":{"line":12,"column":78}}],"line":12},"1":{"loc":{"start":{"line":16,"column":4},"end":{"line":20,"column":null}},"type":"if","locations":[{"start":{"line":16,"column":4},"end":{"line":20,"column":null}},{"start":{},"end":{}}],"line":16},"2":{"loc":{"start":{"line":26,"column":4},"end":{"line":29,"column":null}},"type":"if","locations":[{"start":{"line":26,"column":4},"end":{"line":29,"column":null}},{"start":{},"end":{}}],"line":26},"3":{"loc":{"start":{"line":32,"column":2},"end":{"line":32,"column":null}},"type":"if","locations":[{"start":{"line":32,"column":2},"end":{"line":32,"column":null}},{"start":{},"end":{}}],"line":32}},"s":{"0":1,"1":6,"2":6,"3":6,"4":6,"5":2,"6":2,"7":2,"8":2,"9":2,"10":2,"11":2,"12":2,"13":2,"14":6,"15":4,"16":2,"17":2,"18":6,"19":4,"20":2},"f":{"0":6,"1":2,"2":4},"b":{"0":[2,1],"1":[2,0],"2":[2,2],"3":[4,2]},"meta":{"lastBranch":4,"lastFunction":3,"lastStatement":21,"seen":{"s:5:13:53:Infinity":0,"f:5:13:5:47":0,"s:6:10:6:Infinity":1,"s:7:14:7:Infinity":2,"s:8:20:8:Infinity":3,"s:11:2:22:Infinity":4,"f:11:2:11:18":1,"s:12:22:12:Infinity":5,"b:12:29:12:75:12:75:12:78":0,"s:13:18:13:Infinity":6,"s:14:22:14:Infinity":7,"s:15:17:15:Infinity":8,"b:16:4:20:Infinity:undefined:undefined:undefined:undefined":1,"s:16:4:20:Infinity":9,"s:17:6:17:Infinity":10,"s:18:6:18:Infinity":11,"s:19:6:19:Infinity":12,"s:21:4:21:Infinity":13,"s:25:2:30:Infinity":14,"f:25:2:25:18":2,"b:26:4:29:Infinity:undefined:undefined:undefined:undefined":2,"s:26:4:29:Infinity":15,"s:27:18:27:Infinity":16,"s:28:6:28:Infinity":17,"b:32:2:32:Infinity:undefined:undefined:undefined:undefined":3,"s:32:2:32:Infinity":18,"s:32:18:32:Infinity":19,"s:34:2:51:Infinity":20},"fnNames":{}}}
,"C:\\Users\\SURAJ\\Desktop\\personal apps\\smart-carbon-footprint-tracker\\frontend\\components\\Layout.tsx": {"path":"C:\\Users\\SURAJ\\Desktop\\personal apps\\smart-carbon-footprint-tracker\\frontend\\components\\Layout.tsx","statementMap":{"0":{"start":{"line":11,"column":13},"end":{"line":339,"column":null}},"1":{"start":{"line":12,"column":28},"end":{"line":12,"column":null}},"2":{"start":{"line":13,"column":8},"end":{"line":13,"column":null}},"3":{"start":{"line":14,"column":8},"end":{"line":14,"column":null}},"4":{"start":{"line":15,"column":10},"end":{"line":15,"column":null}},"5":{"start":{"line":17,"column":32},"end":{"line":23,"column":null}},"6":{"start":{"line":18,"column":4},"end":{"line":22,"column":null}},"7":{"start":{"line":19,"column":6},"end":{"line":19,"column":null}},"8":{"start":{"line":21,"column":6},"end":{"line":21,"column":null}},"9":{"start":{"line":25,"column":34},"end":{"line":31,"column":null}},"10":{"start":{"line":26,"column":4},"end":{"line":30,"column":null}},"11":{"start":{"line":27,"column":6},"end":{"line":27,"column":null}},"12":{"start":{"line":29,"column":6},"end":{"line":29,"column":null}},"13":{"start":{"line":33,"column":36},"end":{"line":33,"column":null}},"14":{"start":{"line":35,"column":2},"end":{"line":39,"column":null}},"15":{"start":{"line":36,"column":4},"end":{"line":38,"column":null}},"16":{"start":{"line":37,"column":6},"end":{"line":37,"column":null}},"17":{"start":{"line":41,"column":2},"end":{"line":50,"column":null}},"18":{"start":{"line":42,"column":4},"end":{"line":44,"column":null}},"19":{"start":{"line":43,"column":6},"end":{"line":43,"column":null}},"20":{"start":{"line":45,"column":4},"end":{"line":49,"column":null}},"21":{"start":{"line":46,"column":6},"end":{"line":46,"column":null}},"22":{"start":{"line":48,"column":6},"end":{"line":48,"column":null}},"23":{"start":{"line":52,"column":2},"end":{"line":56,"column":null}},"24":{"start":{"line":53,"column":10},"end":{"line":53,"column":null}},"25":{"start":{"line":53,"column":28},"end":{"line":53,"column":null}},"26":{"start":{"line":54,"column":4},"end":{"line":54,"column":null}},"27":{"start":{"line":55,"column":4},"end":{"line":55,"column":null}},"28":{"start":{"line":55,"column":17},"end":{"line":55,"column":null}},"29":{"start":{"line":58,"column":8},"end":{"line":67,"column":null}},"30":{"start":{"line":59,"column":17},"end":{"line":59,"column":null}},"31":{"start":{"line":60,"column":4},"end":{"line":66,"column":null}},"32":{"start":{"line":61,"column":21},"end":{"line":61,"column":null}},"33":{"start":{"line":62,"column":6},"end":{"line":64,"column":null}},"34":{"start":{"line":63,"column":8},"end":{"line":63,"column":null}},"35":{"start":{"line":65,"column":6},"end":{"line":65,"column":null}},"36":{"start":{"line":69,"column":8},"end":{"line":75,"column":null}},"37":{"start":{"line":70,"column":4},"end":{"line":70,"column":null}},"38":{"start":{"line":71,"column":4},"end":{"line":74,"column":null}},"39":{"start":{"line":72,"column":6},"end":{"line":72,"column":null}},"40":{"start":{"line":73,"column":6},"end":{"line":73,"column":null}},"41":{"start":{"line":77,"column":8},"end":{"line":79,"column":null}},"42":{"start":{"line":78,"column":4},"end":{"line":78,"column":null}},"43":{"start":{"line":81,"column":22},"end":{"line":100,"column":null}},"44":{"start":{"line":102,"column":23},"end":{"line":102,"column":null}},"45":{"start":{"line":103,"column":22},"end":{"line":103,"column":null}},"46":{"start":{"line":105,"column":19},"end":{"line":115,"column":null}},"47":{"start":{"line":117,"column":8},"end":{"line":119,"column":null}},"48":{"start":{"line":118,"column":4},"end":{"line":118,"column":null}},"49":{"start":{"line":121,"column":24},"end":{"line":126,"column":null}},"50":{"start":{"line":128,"column":2},"end":{"line":337,"column":null}},"51":{"start":{"line":138,"column":25},"end":{"line":138,"column":null}},"52":{"start":{"line":152,"column":25},"end":{"line":152,"column":null}},"53":{"start":{"line":167,"column":25},"end":{"line":167,"column":null}},"54":{"start":{"line":196,"column":16},"end":{"line":207,"column":null}},"55":{"start":{"line":198,"column":33},"end":{"line":198,"column":null}},"56":{"start":{"line":211,"column":31},"end":{"line":211,"column":null}},"57":{"start":{"line":236,"column":16},"end":{"line":247,"column":null}},"58":{"start":{"line":238,"column":33},"end":{"line":238,"column":null}},"59":{"start":{"line":258,"column":33},"end":{"line":258,"column":null}},"60":{"start":{"line":305,"column":35},"end":{"line":305,"column":null}}},"fnMap":{"0":{"name":"(anonymous_0)","decl":{"start":{"line":11,"column":13},"end":{"line":11,"column":46}},"loc":{"start":{"line":11,"column":63},"end":{"line":339,"column":null}},"line":11},"1":{"name":"(anonymous_1)","decl":{"start":{"line":17,"column":38},"end":{"line":17,"column":68}},"loc":{"start":{"line":17,"column":68},"end":{"line":23,"column":3}},"line":17},"2":{"name":"(anonymous_2)","decl":{"start":{"line":25,"column":40},"end":{"line":25,"column":64}},"loc":{"start":{"line":25,"column":64},"end":{"line":31,"column":3}},"line":25},"3":{"name":"(anonymous_3)","decl":{"start":{"line":35,"column":8},"end":{"line":35,"column":24}},"loc":{"start":{"line":35,"column":24},"end":{"line":39,"column":5}},"line":35},"4":{"name":"(anonymous_4)","decl":{"start":{"line":41,"column":8},"end":{"line":41,"column":24}},"loc":{"start":{"line":41,"column":24},"end":{"line":50,"column":5}},"line":41},"5":{"name":"(anonymous_5)","decl":{"start":{"line":52,"column":8},"end":{"line":52,"column":24}},"loc":{"start":{"line":52,"column":24},"end":{"line":56,"column":5}},"line":52},"6":{"name":"(anonymous_6)","decl":{"start":{"line":53,"column":10},"end":{"line":53,"column":28}},"loc":{"start":{"line":53,"column":28},"end":{"line":53,"column":null}},"line":53},"7":{"name":"(anonymous_7)","decl":{"start":{"line":55,"column":4},"end":{"line":55,"column":17}},"loc":{"start":{"line":55,"column":17},"end":{"line":55,"column":null}},"line":55},"8":{"name":"(anonymous_8)","decl":{"start":{"line":58,"column":8},"end":{"line":58,"column":26}},"loc":{"start":{"line":58,"column":69},"end":{"line":67,"column":null}},"line":58},"9":{"name":"(anonymous_9)","decl":{"start":{"line":62,"column":13},"end":{"line":62,"column":31}},"loc":{"start":{"line":62,"column":31},"end":{"line":64,"column":null}},"line":62},"10":{"name":"(anonymous_10)","decl":{"start":{"line":69,"column":8},"end":{"line":69,"column":27}},"loc":{"start":{"line":69,"column":50},"end":{"line":75,"column":null}},"line":69},"11":{"name":"(anonymous_11)","decl":{"start":{"line":77,"column":8},"end":{"line":77,"column":24}},"loc":{"start":{"line":77,"column":24},"end":{"line":79,"column":null}},"line":77},"12":{"name":"(anonymous_12)","decl":{"start":{"line":117,"column":8},"end":{"line":117,"column":26}},"loc":{"start":{"line":117,"column":41},"end":{"line":119,"column":null}},"line":117},"13":{"name":"(anonymous_13)","decl":{"start":{"line":138,"column":10},"end":{"line":138,"column":25}},"loc":{"start":{"line":138,"column":25},"end":{"line":138,"column":null}},"line":138},"14":{"name":"(anonymous_14)","decl":{"start":{"line":152,"column":10},"end":{"line":152,"column":25}},"loc":{"start":{"line":152,"column":25},"end":{"line":152,"column":null}},"line":152},"15":{"name":"(anonymous_15)","decl":{"start":{"line":167,"column":10},"end":{"line":167,"column":25}},"loc":{"start":{"line":167,"column":25},"end":{"line":167,"column":null}},"line":167},"16":{"name":"(anonymous_16)","decl":{"start":{"line":195,"column":36},"end":{"line":195,"column":40}},"loc":{"start":{"line":196,"column":16},"end":{"line":207,"column":null}},"line":196},"17":{"name":"(anonymous_17)","decl":{"start":{"line":198,"column":18},"end":{"line":198,"column":33}},"loc":{"start":{"line":198,"column":33},"end":{"line":198,"column":null}},"line":198},"18":{"name":"(anonymous_18)","decl":{"start":{"line":211,"column":16},"end":{"line":211,"column":31}},"loc":{"start":{"line":211,"column":31},"end":{"line":211,"column":null}},"line":211},"19":{"name":"(anonymous_19)","decl":{"start":{"line":235,"column":24},"end":{"line":235,"column":28}},"loc":{"start":{"line":236,"column":16},"end":{"line":247,"column":null}},"line":236},"20":{"name":"(anonymous_20)","decl":{"start":{"line":238,"column":18},"end":{"line":238,"column":33}},"loc":{"start":{"line":238,"column":33},"end":{"line":238,"column":null}},"line":238},"21":{"name":"(anonymous_21)","decl":{"start":{"line":258,"column":18},"end":{"line":258,"column":33}},"loc":{"start":{"line":258,"column":33},"end":{"line":258,"column":null}},"line":258},"22":{"name":"(anonymous_22)","decl":{"start":{"line":305,"column":20},"end":{"line":305,"column":30}},"loc":{"start":{"line":305,"column":35},"end":{"line":305,"column":null}},"line":305}},"branchMap":{"0":{"loc":{"start":{"line":19,"column":13},"end":{"line":19,"column":null}},"type":"binary-expr","locations":[{"start":{"line":19,"column":13},"end":{"line":19,"column":52}},{"start":{"line":19,"column":52},"end":{"line":19,"column":null}}],"line":19},"1":{"loc":{"start":{"line":27,"column":13},"end":{"line":27,"column":null}},"type":"binary-expr","locations":[{"start":{"line":27,"column":13},"end":{"line":27,"column":64}},{"start":{"line":27,"column":64},"end":{"line":27,"column":null}}],"line":27},"2":{"loc":{"start":{"line":37,"column":42},"end":{"line":37,"column":55}},"type":"binary-expr","locations":[{"start":{"line":37,"column":42},"end":{"line":37,"column":53}},{"start":{"line":37,"column":53},"end":{"line":37,"column":55}}],"line":37},"3":{"loc":{"start":{"line":43,"column":43},"end":{"line":43,"column":70}},"type":"cond-expr","locations":[{"start":{"line":43,"column":54},"end":{"line":43,"column":63}},{"start":{"line":43,"column":63},"end":{"line":43,"column":70}}],"line":43},"4":{"loc":{"start":{"line":45,"column":4},"end":{"line":49,"column":null}},"type":"if","locations":[{"start":{"line":45,"column":4},"end":{"line":49,"column":null}},{"start":{"line":47,"column":11},"end":{"line":49,"column":null}}],"line":45},"5":{"loc":{"start":{"line":60,"column":4},"end":{"line":66,"column":null}},"type":"if","locations":[{"start":{"line":60,"column":4},"end":{"line":66,"column":null}},{"start":{},"end":{}}],"line":60},"6":{"loc":{"start":{"line":71,"column":4},"end":{"line":74,"column":null}},"type":"if","locations":[{"start":{"line":71,"column":4},"end":{"line":74,"column":null}},{"start":{},"end":{}}],"line":71},"7":{"loc":{"start":{"line":83,"column":10},"end":{"line":83,"column":null}},"type":"cond-expr","locations":[{"start":{"line":83,"column":20},"end":{"line":83,"column":25}},{"start":{"line":83,"column":25},"end":{"line":83,"column":null}}],"line":83},"8":{"loc":{"start":{"line":88,"column":15},"end":{"line":88,"column":null}},"type":"cond-expr","locations":[{"start":{"line":88,"column":25},"end":{"line":88,"column":72}},{"start":{"line":88,"column":72},"end":{"line":88,"column":null}}],"line":88},"9":{"loc":{"start":{"line":92,"column":10},"end":{"line":92,"column":null}},"type":"cond-expr","locations":[{"start":{"line":92,"column":20},"end":{"line":92,"column":25}},{"start":{"line":92,"column":25},"end":{"line":92,"column":null}}],"line":92},"10":{"loc":{"start":{"line":97,"column":15},"end":{"line":97,"column":null}},"type":"cond-expr","locations":[{"start":{"line":97,"column":25},"end":{"line":97,"column":75}},{"start":{"line":97,"column":75},"end":{"line":97,"column":null}}],"line":97},"11":{"loc":{"start":{"line":102,"column":23},"end":{"line":102,"column":null}},"type":"cond-expr","locations":[{"start":{"line":102,"column":34},"end":{"line":102,"column":53}},{"start":{"line":102,"column":53},"end":{"line":102,"column":null}}],"line":102},"12":{"loc":{"start":{"line":103,"column":22},"end":{"line":103,"column":null}},"type":"binary-expr","locations":[{"start":{"line":103,"column":22},"end":{"line":103,"column":56}},{"start":{"line":103,"column":56},"end":{"line":103,"column":null}}],"line":103},"13":{"loc":{"start":{"line":121,"column":24},"end":{"line":126,"column":null}},"type":"cond-expr","locations":[{"start":{"line":121,"column":34},"end":{"line":126,"column":6}},{"start":{"line":126,"column":6},"end":{"line":126,"column":null}}],"line":121},"14":{"loc":{"start":{"line":142,"column":12},"end":{"line":144,"column":null}},"type":"cond-expr","locations":[{"start":{"line":143,"column":16},"end":{"line":143,"column":null}},{"start":{"line":144,"column":16},"end":{"line":144,"column":null}}],"line":142},"15":{"loc":{"start":{"line":156,"column":12},"end":{"line":158,"column":null}},"type":"cond-expr","locations":[{"start":{"line":157,"column":16},"end":{"line":157,"column":null}},{"start":{"line":158,"column":16},"end":{"line":158,"column":null}}],"line":156},"16":{"loc":{"start":{"line":169,"column":22},"end":{"line":169,"column":null}},"type":"cond-expr","locations":[{"start":{"line":169,"column":33},"end":{"line":169,"column":58}},{"start":{"line":169,"column":58},"end":{"line":169,"column":null}}],"line":169},"17":{"loc":{"start":{"line":171,"column":17},"end":{"line":171,"column":null}},"type":"cond-expr","locations":[{"start":{"line":171,"column":28},"end":{"line":171,"column":53}},{"start":{"line":171,"column":53},"end":{"line":171,"column":null}}],"line":171},"18":{"loc":{"start":{"line":173,"column":11},"end":{"line":173,"column":null}},"type":"cond-expr","locations":[{"start":{"line":173,"column":22},"end":{"line":173,"column":104}},{"start":{"line":173,"column":103},"end":{"line":173,"column":null}}],"line":173},"19":{"loc":{"start":{"line":177,"column":7},"end":{"line":337,"column":null}},"type":"cond-expr","locations":[{"start":{"line":179,"column":8},"end":{"line":226,"column":null}},{"start":{"line":226,"column":8},"end":{"line":337,"column":null}}],"line":177},"20":{"loc":{"start":{"line":200,"column":20},"end":{"line":202,"column":null}},"type":"cond-expr","locations":[{"start":{"line":201,"column":24},"end":{"line":201,"column":null}},{"start":{"line":202,"column":24},"end":{"line":202,"column":null}}],"line":200},"21":{"loc":{"start":{"line":213,"column":18},"end":{"line":215,"column":null}},"type":"cond-expr","locations":[{"start":{"line":214,"column":22},"end":{"line":214,"column":null}},{"start":{"line":215,"column":22},"end":{"line":215,"column":null}}],"line":213},"22":{"loc":{"start":{"line":240,"column":20},"end":{"line":242,"column":null}},"type":"cond-expr","locations":[{"start":{"line":241,"column":24},"end":{"line":241,"column":null}},{"start":{"line":242,"column":24},"end":{"line":242,"column":null}}],"line":240},"23":{"loc":{"start":{"line":260,"column":20},"end":{"line":262,"column":null}},"type":"cond-expr","locations":[{"start":{"line":261,"column":24},"end":{"line":261,"column":null}},{"start":{"line":262,"column":24},"end":{"line":262,"column":null}}],"line":260},"24":{"loc":{"start":{"line":264,"column":25},"end":{"line":264,"column":null}},"type":"cond-expr","locations":[{"start":{"line":264,"column":36},"end":{"line":264,"column":61}},{"start":{"line":264,"column":61},"end":{"line":264,"column":null}}],"line":264},"25":{"loc":{"start":{"line":266,"column":19},"end":{"line":266,"column":null}},"type":"cond-expr","locations":[{"start":{"line":266,"column":30},"end":{"line":266,"column":51}},{"start":{"line":266,"column":50},"end":{"line":266,"column":null}}],"line":266},"26":{"loc":{"start":{"line":288,"column":19},"end":{"line":297,"column":null}},"type":"binary-expr","locations":[{"start":{"line":288,"column":19},"end":{"line":288,"column":null}},{"start":{"line":289,"column":20},"end":{"line":297,"column":null}}],"line":288}},"s":{"0":2,"1":3,"2":3,"3":3,"4":3,"5":3,"6":2,"7":2,"8":0,"9":3,"10":2,"11":2,"12":0,"13":3,"14":3,"15":2,"16":2,"17":3,"18":3,"19":3,"20":3,"21":1,"22":2,"23":3,"24":2,"25":0,"26":2,"27":2,"28":2,"29":3,"30":0,"31":0,"32":0,"33":0,"34":0,"35":0,"36":3,"37":0,"38":0,"39":0,"40":0,"41":3,"42":0,"43":3,"44":3,"45":3,"46":3,"47":3,"48":0,"49":3,"50":3,"51":0,"52":0,"53":1,"54":0,"55":0,"56":0,"57":27,"58":0,"59":0,"60":0},"f":{"0":3,"1":2,"2":2,"3":2,"4":3,"5":2,"6":0,"7":2,"8":0,"9":0,"10":0,"11":0,"12":0,"13":0,"14":0,"15":1,"16":0,"17":0,"18":0,"19":27,"20":0,"21":0,"22":0},"b":{"0":[2,2],"1":[2,2],"2":[2,2],"3":[1,2],"4":[1,2],"5":[0,0],"6":[0,0],"7":[0,3],"8":[0,3],"9":[0,3],"10":[0,3],"11":[1,2],"12":[3,2],"13":[0,3],"14":[3,0],"15":[0,3],"16":[1,2],"17":[1,2],"18":[1,2],"19":[0,3],"20":[0,0],"21":[0,0],"22":[3,24],"23":[1,2],"24":[1,2],"25":[1,2],"26":[3,0]},"meta":{"lastBranch":27,"lastFunction":23,"lastStatement":61,"seen":{"s:11:13:339:Infinity":0,"f:11:13:11:46":0,"s:12:28:12:Infinity":1,"s:13:8:13:Infinity":2,"s:14:8:14:Infinity":3,"s:15:10:15:Infinity":4,"s:17:32:23:Infinity":5,"f:17:38:17:68":1,"s:18:4:22:Infinity":6,"s:19:6:19:Infinity":7,"b:19:13:19:52:19:52:19:Infinity":0,"s:21:6:21:Infinity":8,"s:25:34:31:Infinity":9,"f:25:40:25:64":2,"s:26:4:30:Infinity":10,"s:27:6:27:Infinity":11,"b:27:13:27:64:27:64:27:Infinity":1,"s:29:6:29:Infinity":12,"s:33:36:33:Infinity":13,"s:35:2:39:Infinity":14,"f:35:8:35:24":3,"s:36:4:38:Infinity":15,"s:37:6:37:Infinity":16,"b:37:42:37:53:37:53:37:55":2,"s:41:2:50:Infinity":17,"f:41:8:41:24":4,"s:42:4:44:Infinity":18,"s:43:6:43:Infinity":19,"b:43:54:43:63:43:63:43:70":3,"b:45:4:49:Infinity:47:11:49:Infinity":4,"s:45:4:49:Infinity":20,"s:46:6:46:Infinity":21,"s:48:6:48:Infinity":22,"s:52:2:56:Infinity":23,"f:52:8:52:24":5,"s:53:10:53:Infinity":24,"f:53:10:53:28":6,"s:53:28:53:Infinity":25,"s:54:4:54:Infinity":26,"s:55:4:55:Infinity":27,"f:55:4:55:17":7,"s:55:17:55:Infinity":28,"s:58:8:67:Infinity":29,"f:58:8:58:26":8,"s:59:17:59:Infinity":30,"b:60:4:66:Infinity:undefined:undefined:undefined:undefined":5,"s:60:4:66:Infinity":31,"s:61:21:61:Infinity":32,"s:62:6:64:Infinity":33,"f:62:13:62:31":9,"s:63:8:63:Infinity":34,"s:65:6:65:Infinity":35,"s:69:8:75:Infinity":36,"f:69:8:69:27":10,"s:70:4:70:Infinity":37,"b:71:4:74:Infinity:undefined:undefined:undefined:undefined":6,"s:71:4:74:Infinity":38,"s:72:6:72:Infinity":39,"s:73:6:73:Infinity":40,"s:77:8:79:Infinity":41,"f:77:8:77:24":11,"s:78:4:78:Infinity":42,"s:81:22:100:Infinity":43,"b:83:20:83:25:83:25:83:Infinity":7,"b:88:25:88:72:88:72:88:Infinity":8,"b:92:20:92:25:92:25:92:Infinity":9,"b:97:25:97:75:97:75:97:Infinity":10,"s:102:23:102:Infinity":44,"b:102:34:102:53:102:53:102:Infinity":11,"s:103:22:103:Infinity":45,"b:103:22:103:56:103:56:103:Infinity":12,"s:105:19:115:Infinity":46,"s:117:8:119:Infinity":47,"f:117:8:117:26":12,"s:118:4:118:Infinity":48,"s:121:24:126:Infinity":49,"b:121:34:126:6:126:6:126:Infinity":13,"s:128:2:337:Infinity":50,"f:138:10:138:25":13,"s:138:25:138:Infinity":51,"b:143:16:143:Infinity:144:16:144:Infinity":14,"f:152:10:152:25":14,"s:152:25:152:Infinity":52,"b:157:16:157:Infinity:158:16:158:Infinity":15,"f:167:10:167:25":15,"s:167:25:167:Infinity":53,"b:169:33:169:58:169:58:169:Infinity":16,"b:171:28:171:53:171:53:171:Infinity":17,"b:173:22:173:104:173:103:173:Infinity":18,"b:179:8:226:Infinity:226:8:337:Infinity":19,"f:195:36:195:40":16,"s:196:16:207:Infinity":54,"f:198:18:198:33":17,"s:198:33:198:Infinity":55,"b:201:24:201:Infinity:202:24:202:Infinity":20,"f:211:16:211:31":18,"s:211:31:211:Infinity":56,"b:214:22:214:Infinity:215:22:215:Infinity":21,"f:235:24:235:28":19,"s:236:16:247:Infinity":57,"f:238:18:238:33":20,"s:238:33:238:Infinity":58,"b:241:24:241:Infinity:242:24:242:Infinity":22,"f:258:18:258:33":21,"s:258:33:258:Infinity":59,"b:261:24:261:Infinity:262:24:262:Infinity":23,"b:264:36:264:61:264:61:264:Infinity":24,"b:266:30:266:51:266:50:266:Infinity":25,"b:288:19:288:Infinity:289:20:297:Infinity":26,"f:305:20:305:30":22,"s:305:35:305:Infinity":60},"fnNames":{}}}
,"C:\\Users\\SURAJ\\Desktop\\personal apps\\smart-carbon-footprint-tracker\\frontend\\components\\LearnHub.tsx": {"path":"C:\\Users\\SURAJ\\Desktop\\personal apps\\smart-carbon-footprint-tracker\\frontend\\components\\LearnHub.tsx","statementMap":{"0":{"start":{"line":4,"column":13},"end":{"line":42,"column":null}},"1":{"start":{"line":5,"column":16},"end":{"line":15,"column":null}},"2":{"start":{"line":17,"column":2},"end":{"line":40,"column":null}},"3":{"start":{"line":31,"column":10},"end":{"line":37,"column":null}}},"fnMap":{"0":{"name":"(anonymous_0)","decl":{"start":{"line":4,"column":13},"end":{"line":4,"column":40}},"loc":{"start":{"line":4,"column":40},"end":{"line":42,"column":null}},"line":4},"1":{"name":"(anonymous_1)","decl":{"start":{"line":30,"column":15},"end":{"line":30,"column":20}},"loc":{"start":{"line":31,"column":10},"end":{"line":37,"column":null}},"line":31}},"branchMap":{},"s":{"0":1,"1":1,"2":1,"3":9},"f":{"0":1,"1":9},"b":{},"meta":{"lastBranch":0,"lastFunction":2,"lastStatement":4,"seen":{"s:4:13:42:Infinity":0,"f:4:13:4:40":0,"s:5:16:15:Infinity":1,"s:17:2:40:Infinity":2,"f:30:15:30:20":1,"s:31:10:37:Infinity":3},"fnNames":{}}}
,"C:\\Users\\SURAJ\\Desktop\\personal apps\\smart-carbon-footprint-tracker\\frontend\\components\\Onboarding.tsx": {"path":"C:\\Users\\SURAJ\\Desktop\\personal apps\\smart-carbon-footprint-tracker\\frontend\\components\\Onboarding.tsx","statementMap":{"0":{"start":{"line":6,"column":13},"end":{"line":126,"column":null}},"1":{"start":{"line":7,"column":10},"end":{"line":7,"column":null}},"2":{"start":{"line":8,"column":15},"end":{"line":8,"column":null}},"3":{"start":{"line":10,"column":19},"end":{"line":21,"column":null}},"4":{"start":{"line":23,"column":8},"end":{"line":26,"column":null}},"5":{"start":{"line":24,"column":4},"end":{"line":25,"column":null}},"6":{"start":{"line":24,"column":18},"end":{"line":24,"column":null}},"7":{"start":{"line":25,"column":9},"end":{"line":25,"column":null}},"8":{"start":{"line":28,"column":8},"end":{"line":32,"column":null}},"9":{"start":{"line":29,"column":4},"end":{"line":29,"column":null}},"10":{"start":{"line":29,"column":20},"end":{"line":29,"column":null}},"11":{"start":{"line":30,"column":4},"end":{"line":30,"column":null}},"12":{"start":{"line":30,"column":20},"end":{"line":30,"column":null}},"13":{"start":{"line":31,"column":4},"end":{"line":31,"column":null}},"14":{"start":{"line":34,"column":8},"end":{"line":43,"column":null}},"15":{"start":{"line":35,"column":46},"end":{"line":41,"column":null}},"16":{"start":{"line":42,"column":4},"end":{"line":42,"column":null}},"17":{"start":{"line":45,"column":2},"end":{"line":124,"column":null}},"18":{"start":{"line":57,"column":33},"end":{"line":57,"column":53}},"19":{"start":{"line":57,"column":53},"end":{"line":57,"column":86}},"20":{"start":{"line":57,"column":72},"end":{"line":57,"column":86}},"21":{"start":{"line":68,"column":35},"end":{"line":68,"column":null}},"22":{"start":{"line":77,"column":35},"end":{"line":77,"column":null}},"23":{"start":{"line":79,"column":40},"end":{"line":79,"column":149}},"24":{"start":{"line":92,"column":35},"end":{"line":92,"column":null}},"25":{"start":{"line":96,"column":40},"end":{"line":96,"column":149}},"26":{"start":{"line":108,"column":31},"end":{"line":108,"column":null}}},"fnMap":{"0":{"name":"(anonymous_0)","decl":{"start":{"line":6,"column":13},"end":{"line":6,"column":42}},"loc":{"start":{"line":6,"column":42},"end":{"line":126,"column":null}},"line":6},"1":{"name":"(anonymous_1)","decl":{"start":{"line":23,"column":8},"end":{"line":23,"column":27}},"loc":{"start":{"line":23,"column":27},"end":{"line":26,"column":null}},"line":23},"2":{"name":"(anonymous_2)","decl":{"start":{"line":28,"column":8},"end":{"line":28,"column":28}},"loc":{"start":{"line":28,"column":28},"end":{"line":32,"column":null}},"line":28},"3":{"name":"(anonymous_3)","decl":{"start":{"line":34,"column":8},"end":{"line":34,"column":23}},"loc":{"start":{"line":34,"column":40},"end":{"line":43,"column":null}},"line":34},"4":{"name":"(anonymous_4)","decl":{"start":{"line":57,"column":14},"end":{"line":57,"column":25}},"loc":{"start":{"line":57,"column":31},"end":{"line":57,"column":89}},"line":57},"5":{"name":"(anonymous_5)","decl":{"start":{"line":68,"column":20},"end":{"line":68,"column":30}},"loc":{"start":{"line":68,"column":35},"end":{"line":68,"column":null}},"line":68},"6":{"name":"(anonymous_6)","decl":{"start":{"line":77,"column":20},"end":{"line":77,"column":30}},"loc":{"start":{"line":77,"column":35},"end":{"line":77,"column":null}},"line":77},"7":{"name":"(anonymous_7)","decl":{"start":{"line":79,"column":31},"end":{"line":79,"column":35}},"loc":{"start":{"line":79,"column":40},"end":{"line":79,"column":149}},"line":79},"8":{"name":"(anonymous_8)","decl":{"start":{"line":92,"column":20},"end":{"line":92,"column":30}},"loc":{"start":{"line":92,"column":35},"end":{"line":92,"column":null}},"line":92},"9":{"name":"(anonymous_9)","decl":{"start":{"line":96,"column":31},"end":{"line":96,"column":35}},"loc":{"start":{"line":96,"column":40},"end":{"line":96,"column":149}},"line":96},"10":{"name":"(anonymous_10)","decl":{"start":{"line":108,"column":16},"end":{"line":108,"column":31}},"loc":{"start":{"line":108,"column":31},"end":{"line":108,"column":null}},"line":108}},"branchMap":{"0":{"loc":{"start":{"line":24,"column":4},"end":{"line":25,"column":null}},"type":"if","locations":[{"start":{"line":24,"column":4},"end":{"line":25,"column":null}},{"start":{"line":25,"column":9},"end":{"line":25,"column":null}}],"line":24},"1":{"loc":{"start":{"line":29,"column":4},"end":{"line":29,"column":null}},"type":"if","locations":[{"start":{"line":29,"column":4},"end":{"line":29,"column":null}},{"start":{},"end":{}}],"line":29},"2":{"loc":{"start":{"line":29,"column":27},"end":{"line":29,"column":null}},"type":"binary-expr","locations":[{"start":{"line":29,"column":27},"end":{"line":29,"column":62}},{"start":{"line":29,"column":62},"end":{"line":29,"column":null}}],"line":29},"3":{"loc":{"start":{"line":30,"column":4},"end":{"line":30,"column":null}},"type":"if","locations":[{"start":{"line":30,"column":4},"end":{"line":30,"column":null}},{"start":{},"end":{}}],"line":30},"4":{"loc":{"start":{"line":42,"column":11},"end":{"line":42,"column":null}},"type":"binary-expr","locations":[{"start":{"line":42,"column":11},"end":{"line":42,"column":30}},{"start":{"line":42,"column":30},"end":{"line":42,"column":null}}],"line":42},"5":{"loc":{"start":{"line":57,"column":53},"end":{"line":57,"column":86}},"type":"if","locations":[{"start":{"line":57,"column":53},"end":{"line":57,"column":86}},{"start":{},"end":{}}],"line":57},"6":{"loc":{"start":{"line":59,"column":13},"end":{"line":85,"column":22}},"type":"binary-expr","locations":[{"start":{"line":59,"column":13},"end":{"line":59,"column":null}},{"start":{"line":60,"column":14},"end":{"line":85,"column":22}}],"line":59},"7":{"loc":{"start":{"line":85,"column":13},"end":{"line":102,"column":null}},"type":"binary-expr","locations":[{"start":{"line":85,"column":13},"end":{"line":85,"column":null}},{"start":{"line":86,"column":14},"end":{"line":102,"column":null}}],"line":85},"8":{"loc":{"start":{"line":105,"column":13},"end":{"line":114,"column":13}},"type":"binary-expr","locations":[{"start":{"line":105,"column":13},"end":{"line":105,"column":null}},{"start":{"line":106,"column":14},"end":{"line":114,"column":13}}],"line":105},"9":{"loc":{"start":{"line":119,"column":15},"end":{"line":119,"column":58}},"type":"cond-expr","locations":[{"start":{"line":119,"column":28},"end":{"line":119,"column":47}},{"start":{"line":119,"column":47},"end":{"line":119,"column":58}}],"line":119}},"s":{"0":1,"1":5,"2":5,"3":5,"4":5,"5":2,"6":1,"7":1,"8":5,"9":7,"10":4,"11":3,"12":3,"13":0,"14":5,"15":5,"16":5,"17":5,"18":2,"19":2,"20":2,"21":1,"22":0,"23":57,"24":1,"25":388,"26":0},"f":{"0":5,"1":2,"2":7,"3":5,"4":2,"5":1,"6":0,"7":57,"8":1,"9":388,"10":0},"b":{"0":[1,1],"1":[4,3],"2":[4,2],"3":[3,0],"4":[5,0],"5":[2,0],"6":[5,3],"7":[5,2],"8":[5,2],"9":[2,3]},"meta":{"lastBranch":10,"lastFunction":11,"lastStatement":27,"seen":{"s:6:13:126:Infinity":0,"f:6:13:6:42":0,"s:7:10:7:Infinity":1,"s:8:15:8:Infinity":2,"s:10:19:21:Infinity":3,"s:23:8:26:Infinity":4,"f:23:8:23:27":1,"b:24:4:25:Infinity:25:9:25:Infinity":0,"s:24:4:25:Infinity":5,"s:24:18:24:Infinity":6,"s:25:9:25:Infinity":7,"s:28:8:32:Infinity":8,"f:28:8:28:28":2,"b:29:4:29:Infinity:undefined:undefined:undefined:undefined":1,"s:29:4:29:Infinity":9,"s:29:20:29:Infinity":10,"b:29:27:29:62:29:62:29:Infinity":2,"b:30:4:30:Infinity:undefined:undefined:undefined:undefined":3,"s:30:4:30:Infinity":11,"s:30:20:30:Infinity":12,"s:31:4:31:Infinity":13,"s:34:8:43:Infinity":14,"f:34:8:34:23":3,"s:35:46:41:Infinity":15,"s:42:4:42:Infinity":16,"b:42:11:42:30:42:30:42:Infinity":4,"s:45:2:124:Infinity":17,"f:57:14:57:25":4,"s:57:33:57:53":18,"b:57:53:57:86:undefined:undefined:undefined:undefined":5,"s:57:53:57:86":19,"s:57:72:57:86":20,"b:59:13:59:Infinity:60:14:85:22":6,"f:68:20:68:30":5,"s:68:35:68:Infinity":21,"f:77:20:77:30":6,"s:77:35:77:Infinity":22,"f:79:31:79:35":7,"s:79:40:79:149":23,"b:85:13:85:Infinity:86:14:102:Infinity":7,"f:92:20:92:30":8,"s:92:35:92:Infinity":24,"f:96:31:96:35":9,"s:96:40:96:149":25,"b:105:13:105:Infinity:106:14:114:13":8,"f:108:16:108:31":10,"s:108:31:108:Infinity":26,"b:119:28:119:47:119:47:119:58":9},"fnNames":{}}}
,"C:\\Users\\SURAJ\\Desktop\\personal apps\\smart-carbon-footprint-tracker\\frontend\\components\\Tutorial.tsx": {"path":"C:\\Users\\SURAJ\\Desktop\\personal apps\\smart-carbon-footprint-tracker\\frontend\\components\\Tutorial.tsx","statementMap":{"0":{"start":{"line":5,"column":13},"end":{"line":79,"column":null}},"1":{"start":{"line":6,"column":10},"end":{"line":6,"column":null}},"2":{"start":{"line":7,"column":15},"end":{"line":7,"column":null}},"3":{"start":{"line":9,"column":16},"end":{"line":30,"column":null}},"4":{"start":{"line":32,"column":8},"end":{"line":38,"column":null}},"5":{"start":{"line":33,"column":4},"end":{"line":37,"column":null}},"6":{"start":{"line":34,"column":6},"end":{"line":34,"column":null}},"7":{"start":{"line":36,"column":6},"end":{"line":36,"column":null}},"8":{"start":{"line":40,"column":2},"end":{"line":77,"column":null}},"9":{"start":{"line":62,"column":14},"end":{"line":62,"column":null}}},"fnMap":{"0":{"name":"(anonymous_0)","decl":{"start":{"line":5,"column":13},"end":{"line":5,"column":40}},"loc":{"start":{"line":5,"column":40},"end":{"line":79,"column":null}},"line":5},"1":{"name":"(anonymous_1)","decl":{"start":{"line":32,"column":8},"end":{"line":32,"column":27}},"loc":{"start":{"line":32,"column":27},"end":{"line":38,"column":null}},"line":32},"2":{"name":"(anonymous_2)","decl":{"start":{"line":61,"column":19},"end":{"line":61,"column":24}},"loc":{"start":{"line":62,"column":14},"end":{"line":62,"column":null}},"line":62}},"branchMap":{"0":{"loc":{"start":{"line":33,"column":4},"end":{"line":37,"column":null}},"type":"if","locations":[{"start":{"line":33,"column":4},"end":{"line":37,"column":null}},{"start":{"line":35,"column":11},"end":{"line":37,"column":null}}],"line":33},"1":{"loc":{"start":{"line":62,"column":62},"end":{"line":62,"column":108}},"type":"cond-expr","locations":[{"start":{"line":62,"column":75},"end":{"line":62,"column":90}},{"start":{"line":62,"column":90},"end":{"line":62,"column":108}}],"line":62},"2":{"loc":{"start":{"line":69,"column":13},"end":{"line":72,"column":null}},"type":"cond-expr","locations":[{"start":{"line":70,"column":14},"end":{"line":72,"column":null}},{"start":{"line":72,"column":14},"end":{"line":72,"column":null}}],"line":69}},"s":{"0":1,"1":4,"2":4,"3":4,"4":4,"5":4,"6":3,"7":1,"8":4,"9":16},"f":{"0":4,"1":4,"2":16},"b":{"0":[3,1],"1":[4,12],"2":[1,3]},"meta":{"lastBranch":3,"lastFunction":3,"lastStatement":10,"seen":{"s:5:13:79:Infinity":0,"f:5:13:5:40":0,"s:6:10:6:Infinity":1,"s:7:15:7:Infinity":2,"s:9:16:30:Infinity":3,"s:32:8:38:Infinity":4,"f:32:8:32:27":1,"b:33:4:37:Infinity:35:11:37:Infinity":0,"s:33:4:37:Infinity":5,"s:34:6:34:Infinity":6,"s:36:6:36:Infinity":7,"s:40:2:77:Infinity":8,"f:61:19:61:24":2,"s:62:14:62:Infinity":9,"b:62:75:62:90:62:90:62:108":1,"b:70:14:72:Infinity:72:14:72:Infinity":2},"fnNames":{}}}
,"C:\\Users\\SURAJ\\Desktop\\personal apps\\smart-carbon-footprint-tracker\\frontend\\components\\Views.tsx": {"path":"C:\\Users\\SURAJ\\Desktop\\personal apps\\smart-carbon-footprint-tracker\\frontend\\components\\Views.tsx","statementMap":{"0":{"start":{"line":6,"column":47},"end":{"line":11,"column":null}},"1":{"start":{"line":13,"column":13},"end":{"line":76,"column":null}},"2":{"start":{"line":14,"column":17},"end":{"line":14,"column":null}},"3":{"start":{"line":15,"column":15},"end":{"line":15,"column":null}},"4":{"start":{"line":17,"column":2},"end":{"line":74,"column":null}},"5":{"start":{"line":27,"column":196},"end":{"line":27,"column":null}},"6":{"start":{"line":28,"column":51},"end":{"line":28,"column":89}},"7":{"start":{"line":78,"column":13},"end":{"line":164,"column":null}},"8":{"start":{"line":79,"column":17},"end":{"line":79,"column":null}},"9":{"start":{"line":80,"column":19},"end":{"line":80,"column":null}},"10":{"start":{"line":82,"column":8},"end":{"line":88,"column":null}},"11":{"start":{"line":83,"column":4},"end":{"line":87,"column":null}},"12":{"start":{"line":84,"column":28},"end":{"line":84,"column":null}},"13":{"start":{"line":85,"column":30},"end":{"line":85,"column":null}},"14":{"start":{"line":86,"column":6},"end":{"line":86,"column":null}},"15":{"start":{"line":90,"column":21},"end":{"line":90,"column":null}},"16":{"start":{"line":90,"column":79},"end":{"line":90,"column":92}},"17":{"start":{"line":92,"column":2},"end":{"line":162,"column":null}},"18":{"start":{"line":110,"column":27},"end":{"line":110,"column":null}},"19":{"start":{"line":118,"column":27},"end":{"line":118,"column":null}},"20":{"start":{"line":120,"column":33},"end":{"line":120,"column":71}},"21":{"start":{"line":143,"column":16},"end":{"line":154,"column":null}},"22":{"start":{"line":166,"column":13},"end":{"line":227,"column":null}},"23":{"start":{"line":167,"column":10},"end":{"line":167,"column":null}},"24":{"start":{"line":169,"column":17},"end":{"line":174,"column":null}},"25":{"start":{"line":176,"column":22},"end":{"line":176,"column":null}},"26":{"start":{"line":178,"column":2},"end":{"line":225,"column":null}},"27":{"start":{"line":190,"column":10},"end":{"line":196,"column":null}},"28":{"start":{"line":192,"column":27},"end":{"line":192,"column":null}},"29":{"start":{"line":202,"column":48},"end":{"line":202,"column":68}},"30":{"start":{"line":206,"column":12},"end":{"line":221,"column":null}}},"fnMap":{"0":{"name":"(anonymous_0)","decl":{"start":{"line":13,"column":13},"end":{"line":13,"column":41}},"loc":{"start":{"line":13,"column":41},"end":{"line":76,"column":null}},"line":13},"1":{"name":"(anonymous_1)","decl":{"start":{"line":27,"column":181},"end":{"line":27,"column":191}},"loc":{"start":{"line":27,"column":196},"end":{"line":27,"column":null}},"line":27},"2":{"name":"(anonymous_2)","decl":{"start":{"line":28,"column":42},"end":{"line":28,"column":46}},"loc":{"start":{"line":28,"column":51},"end":{"line":28,"column":89}},"line":28},"3":{"name":"(anonymous_3)","decl":{"start":{"line":78,"column":13},"end":{"line":78,"column":39}},"loc":{"start":{"line":78,"column":39},"end":{"line":164,"column":null}},"line":78},"4":{"name":"(anonymous_4)","decl":{"start":{"line":82,"column":23},"end":{"line":82,"column":37}},"loc":{"start":{"line":82,"column":37},"end":{"line":88,"column":5}},"line":82},"5":{"name":"(anonymous_5)","decl":{"start":{"line":83,"column":27},"end":{"line":83,"column":34}},"loc":{"start":{"line":83,"column":42},"end":{"line":87,"column":5}},"line":83},"6":{"name":"(anonymous_6)","decl":{"start":{"line":90,"column":67},"end":{"line":90,"column":71}},"loc":{"start":{"line":90,"column":79},"end":{"line":90,"column":92}},"line":90},"7":{"name":"(anonymous_7)","decl":{"start":{"line":110,"column":12},"end":{"line":110,"column":22}},"loc":{"start":{"line":110,"column":27},"end":{"line":110,"column":null}},"line":110},"8":{"name":"(anonymous_8)","decl":{"start":{"line":118,"column":12},"end":{"line":118,"column":22}},"loc":{"start":{"line":118,"column":27},"end":{"line":118,"column":null}},"line":118},"9":{"name":"(anonymous_9)","decl":{"start":{"line":120,"column":24},"end":{"line":120,"column":28}},"loc":{"start":{"line":120,"column":33},"end":{"line":120,"column":71}},"line":120},"10":{"name":"(anonymous_10)","decl":{"start":{"line":142,"column":54},"end":{"line":142,"column":59}},"loc":{"start":{"line":143,"column":16},"end":{"line":154,"column":null}},"line":143},"11":{"name":"(anonymous_11)","decl":{"start":{"line":166,"column":13},"end":{"line":166,"column":43}},"loc":{"start":{"line":166,"column":43},"end":{"line":227,"column":null}},"line":166},"12":{"name":"(anonymous_12)","decl":{"start":{"line":189,"column":16},"end":{"line":189,"column":20}},"loc":{"start":{"line":190,"column":10},"end":{"line":196,"column":null}},"line":190},"13":{"name":"(anonymous_13)","decl":{"start":{"line":192,"column":12},"end":{"line":192,"column":27}},"loc":{"start":{"line":192,"column":27},"end":{"line":192,"column":null}},"line":192},"14":{"name":"(anonymous_14)","decl":{"start":{"line":202,"column":38},"end":{"line":202,"column":43}},"loc":{"start":{"line":202,"column":48},"end":{"line":202,"column":68}},"line":202},"15":{"name":"(anonymous_15)","decl":{"start":{"line":205,"column":43},"end":{"line":205,"column":47}},"loc":{"start":{"line":206,"column":12},"end":{"line":221,"column":null}},"line":206}},"branchMap":{"0":{"loc":{"start":{"line":84,"column":28},"end":{"line":84,"column":null}},"type":"binary-expr","locations":[{"start":{"line":84,"column":28},"end":{"line":84,"column":90}},{"start":{"line":84,"column":90},"end":{"line":84,"column":null}}],"line":84},"1":{"loc":{"start":{"line":85,"column":30},"end":{"line":85,"column":null}},"type":"binary-expr","locations":[{"start":{"line":85,"column":30},"end":{"line":85,"column":52}},{"start":{"line":85,"column":52},"end":{"line":85,"column":null}}],"line":85},"2":{"loc":{"start":{"line":86,"column":13},"end":{"line":86,"column":null}},"type":"binary-expr","locations":[{"start":{"line":86,"column":13},"end":{"line":86,"column":30}},{"start":{"line":86,"column":30},"end":{"line":86,"column":null}}],"line":86},"3":{"loc":{"start":{"line":142,"column":15},"end":{"line":158,"column":null}},"type":"cond-expr","locations":[{"start":{"line":142,"column":41},"end":{"line":155,"column":null}},{"start":{"line":156,"column":16},"end":{"line":158,"column":null}}],"line":142},"4":{"loc":{"start":{"line":145,"column":68},"end":{"line":145,"column":null}},"type":"cond-expr","locations":[{"start":{"line":145,"column":87},"end":{"line":145,"column":104}},{"start":{"line":145,"column":104},"end":{"line":145,"column":null}}],"line":145},"5":{"loc":{"start":{"line":145,"column":104},"end":{"line":145,"column":null}},"type":"cond-expr","locations":[{"start":{"line":145,"column":122},"end":{"line":145,"column":142}},{"start":{"line":145,"column":142},"end":{"line":145,"column":null}}],"line":145},"6":{"loc":{"start":{"line":171,"column":28},"end":{"line":171,"column":58}},"type":"binary-expr","locations":[{"start":{"line":171,"column":28},"end":{"line":171,"column":48}},{"start":{"line":171,"column":48},"end":{"line":171,"column":58}}],"line":171},"7":{"loc":{"start":{"line":172,"column":26},"end":{"line":172,"column":52}},"type":"binary-expr","locations":[{"start":{"line":172,"column":26},"end":{"line":172,"column":44}},{"start":{"line":172,"column":44},"end":{"line":172,"column":52}}],"line":172},"8":{"loc":{"start":{"line":173,"column":25},"end":{"line":173,"column":49}},"type":"binary-expr","locations":[{"start":{"line":173,"column":25},"end":{"line":173,"column":42}},{"start":{"line":173,"column":42},"end":{"line":173,"column":49}}],"line":173},"9":{"loc":{"start":{"line":193,"column":102},"end":{"line":193,"column":null}},"type":"cond-expr","locations":[{"start":{"line":193,"column":125},"end":{"line":193,"column":164}},{"start":{"line":193,"column":164},"end":{"line":193,"column":null}}],"line":193},"10":{"loc":{"start":{"line":208,"column":71},"end":{"line":208,"column":160}},"type":"cond-expr","locations":[{"start":{"line":208,"column":77},"end":{"line":208,"column":95}},{"start":{"line":208,"column":95},"end":{"line":208,"column":160}}],"line":208},"11":{"loc":{"start":{"line":208,"column":95},"end":{"line":208,"column":160}},"type":"cond-expr","locations":[{"start":{"line":208,"column":101},"end":{"line":208,"column":117}},{"start":{"line":208,"column":117},"end":{"line":208,"column":160}}],"line":208},"12":{"loc":{"start":{"line":208,"column":117},"end":{"line":208,"column":160}},"type":"cond-expr","locations":[{"start":{"line":208,"column":123},"end":{"line":208,"column":141}},{"start":{"line":208,"column":141},"end":{"line":208,"column":160}}],"line":208},"13":{"loc":{"start":{"line":214,"column":71},"end":{"line":214,"column":119}},"type":"cond-expr","locations":[{"start":{"line":214,"column":79},"end":{"line":214,"column":97}},{"start":{"line":214,"column":97},"end":{"line":214,"column":119}}],"line":214}},"s":{"0":1,"1":1,"2":2,"3":2,"4":2,"5":1,"6":8,"7":1,"8":2,"9":2,"10":2,"11":2,"12":68,"13":68,"14":68,"15":2,"16":68,"17":2,"18":1,"19":0,"20":14,"21":35,"22":1,"23":1,"24":1,"25":1,"26":1,"27":4,"28":0,"29":1,"30":10},"f":{"0":2,"1":1,"2":8,"3":2,"4":2,"5":68,"6":68,"7":1,"8":0,"9":14,"10":35,"11":1,"12":4,"13":0,"14":1,"15":10},"b":{"0":[68,33],"1":[68,0],"2":[68,35],"3":[2,0],"4":[6,29],"5":[6,23],"6":[1,0],"7":[1,0],"8":[1,0],"9":[1,3],"10":[1,9],"11":[1,8],"12":[1,7],"13":[3,7]},"meta":{"lastBranch":14,"lastFunction":16,"lastStatement":31,"seen":{"s:6:47:11:Infinity":0,"s:13:13:76:Infinity":1,"f:13:13:13:41":0,"s:14:17:14:Infinity":2,"s:15:15:15:Infinity":3,"s:17:2:74:Infinity":4,"f:27:181:27:191":1,"s:27:196:27:Infinity":5,"f:28:42:28:46":2,"s:28:51:28:89":6,"s:78:13:164:Infinity":7,"f:78:13:78:39":3,"s:79:17:79:Infinity":8,"s:80:19:80:Infinity":9,"s:82:8:88:Infinity":10,"f:82:23:82:37":4,"s:83:4:87:Infinity":11,"f:83:27:83:34":5,"s:84:28:84:Infinity":12,"b:84:28:84:90:84:90:84:Infinity":0,"s:85:30:85:Infinity":13,"b:85:30:85:52:85:52:85:Infinity":1,"s:86:6:86:Infinity":14,"b:86:13:86:30:86:30:86:Infinity":2,"s:90:21:90:Infinity":15,"f:90:67:90:71":6,"s:90:79:90:92":16,"s:92:2:162:Infinity":17,"f:110:12:110:22":7,"s:110:27:110:Infinity":18,"f:118:12:118:22":8,"s:118:27:118:Infinity":19,"f:120:24:120:28":9,"s:120:33:120:71":20,"b:142:41:155:Infinity:156:16:158:Infinity":3,"f:142:54:142:59":10,"s:143:16:154:Infinity":21,"b:145:87:145:104:145:104:145:Infinity":4,"b:145:122:145:142:145:142:145:Infinity":5,"s:166:13:227:Infinity":22,"f:166:13:166:43":11,"s:167:10:167:Infinity":23,"s:169:17:174:Infinity":24,"b:171:28:171:48:171:48:171:58":6,"b:172:26:172:44:172:44:172:52":7,"b:173:25:173:42:173:42:173:49":8,"s:176:22:176:Infinity":25,"s:178:2:225:Infinity":26,"f:189:16:189:20":12,"s:190:10:196:Infinity":27,"f:192:12:192:27":13,"s:192:27:192:Infinity":28,"b:193:125:193:164:193:164:193:Infinity":9,"f:202:38:202:43":14,"s:202:48:202:68":29,"f:205:43:205:47":15,"s:206:12:221:Infinity":30,"b:208:77:208:95:208:95:208:160":10,"b:208:101:208:117:208:117:208:160":11,"b:208:123:208:141:208:141:208:160":12,"b:214:79:214:97:214:97:214:119":13},"fnNames":{}}}
,"C:\\Users\\SURAJ\\Desktop\\personal apps\\smart-carbon-footprint-tracker\\frontend\\context\\AppContext.tsx": {"path":"C:\\Users\\SURAJ\\Desktop\\personal apps\\smart-carbon-footprint-tracker\\frontend\\context\\AppContext.tsx","statementMap":{"0":{"start":{"line":21,"column":32},"end":{"line":37,"column":null}},"1":{"start":{"line":39,"column":6},"end":{"line":39,"column":null}},"2":{"start":{"line":41,"column":13},"end":{"line":166,"column":null}},"3":{"start":{"line":43,"column":18},"end":{"line":45,"column":null}},"4":{"start":{"line":44,"column":4},"end":{"line":44,"column":null}},"5":{"start":{"line":44,"column":24},"end":{"line":44,"column":60}},"6":{"start":{"line":44,"column":60},"end":{"line":44,"column":101}},"7":{"start":{"line":44,"column":111},"end":{"line":44,"column":124}},"8":{"start":{"line":46,"column":16},"end":{"line":48,"column":null}},"9":{"start":{"line":47,"column":4},"end":{"line":47,"column":null}},"10":{"start":{"line":47,"column":24},"end":{"line":47,"column":58}},"11":{"start":{"line":47,"column":58},"end":{"line":47,"column":107}},"12":{"start":{"line":47,"column":117},"end":{"line":47,"column":138}},"13":{"start":{"line":49,"column":15},"end":{"line":51,"column":null}},"14":{"start":{"line":50,"column":4},"end":{"line":50,"column":null}},"15":{"start":{"line":50,"column":24},"end":{"line":50,"column":57}},"16":{"start":{"line":50,"column":57},"end":{"line":50,"column":96}},"17":{"start":{"line":50,"column":106},"end":{"line":50,"column":117}},"18":{"start":{"line":52,"column":19},"end":{"line":54,"column":null}},"19":{"start":{"line":53,"column":4},"end":{"line":53,"column":null}},"20":{"start":{"line":53,"column":24},"end":{"line":53,"column":61}},"21":{"start":{"line":53,"column":61},"end":{"line":53,"column":100}},"22":{"start":{"line":53,"column":110},"end":{"line":53,"column":121}},"23":{"start":{"line":56,"column":28},"end":{"line":56,"column":null}},"24":{"start":{"line":58,"column":19},"end":{"line":64,"column":null}},"25":{"start":{"line":59,"column":4},"end":{"line":63,"column":null}},"26":{"start":{"line":60,"column":6},"end":{"line":60,"column":null}},"27":{"start":{"line":62,"column":6},"end":{"line":62,"column":null}},"28":{"start":{"line":66,"column":2},"end":{"line":70,"column":null}},"29":{"start":{"line":67,"column":4},"end":{"line":69,"column":null}},"30":{"start":{"line":68,"column":6},"end":{"line":68,"column":null}},"31":{"start":{"line":73,"column":2},"end":{"line":73,"column":null}},"32":{"start":{"line":73,"column":20},"end":{"line":73,"column":81}},"33":{"start":{"line":74,"column":2},"end":{"line":74,"column":null}},"34":{"start":{"line":74,"column":20},"end":{"line":74,"column":77}},"35":{"start":{"line":75,"column":2},"end":{"line":75,"column":null}},"36":{"start":{"line":75,"column":20},"end":{"line":75,"column":75}},"37":{"start":{"line":76,"column":2},"end":{"line":76,"column":null}},"38":{"start":{"line":76,"column":20},"end":{"line":76,"column":83}},"39":{"start":{"line":78,"column":8},"end":{"line":80,"column":null}},"40":{"start":{"line":79,"column":4},"end":{"line":79,"column":null}},"41":{"start":{"line":79,"column":23},"end":{"line":79,"column":60}},"42":{"start":{"line":82,"column":2},"end":{"line":93,"column":null}},"43":{"start":{"line":83,"column":4},"end":{"line":91,"column":null}},"44":{"start":{"line":84,"column":28},"end":{"line":89,"column":null}},"45":{"start":{"line":85,"column":8},"end":{"line":85,"column":null}},"46":{"start":{"line":86,"column":28},"end":{"line":86,"column":null}},"47":{"start":{"line":87,"column":8},"end":{"line":87,"column":null}},"48":{"start":{"line":88,"column":8},"end":{"line":88,"column":null}},"49":{"start":{"line":90,"column":6},"end":{"line":90,"column":null}},"50":{"start":{"line":95,"column":8},"end":{"line":128,"column":null}},"51":{"start":{"line":96,"column":32},"end":{"line":100,"column":null}},"52":{"start":{"line":101,"column":4},"end":{"line":101,"column":null}},"53":{"start":{"line":101,"column":20},"end":{"line":101,"column":37}},"54":{"start":{"line":103,"column":4},"end":{"line":127,"column":null}},"55":{"start":{"line":104,"column":20},"end":{"line":104,"column":null}},"56":{"start":{"line":105,"column":23},"end":{"line":105,"column":null}},"57":{"start":{"line":107,"column":18},"end":{"line":107,"column":21}},"58":{"start":{"line":107,"column":28},"end":{"line":107,"column":31}},"59":{"start":{"line":107,"column":39},"end":{"line":107,"column":42}},"60":{"start":{"line":107,"column":50},"end":{"line":107,"column":null}},"61":{"start":{"line":108,"column":6},"end":{"line":108,"column":null}},"62":{"start":{"line":108,"column":63},"end":{"line":108,"column":84}},"63":{"start":{"line":108,"column":84},"end":{"line":108,"column":105}},"64":{"start":{"line":109,"column":6},"end":{"line":109,"column":null}},"65":{"start":{"line":109,"column":57},"end":{"line":109,"column":80}},"66":{"start":{"line":109,"column":80},"end":{"line":109,"column":102}},"67":{"start":{"line":110,"column":6},"end":{"line":110,"column":null}},"68":{"start":{"line":110,"column":57},"end":{"line":110,"column":81}},"69":{"start":{"line":111,"column":6},"end":{"line":111,"column":null}},"70":{"start":{"line":111,"column":61},"end":{"line":111,"column":85}},"71":{"start":{"line":113,"column":6},"end":{"line":126,"column":null}},"72":{"start":{"line":130,"column":8},"end":{"line":143,"column":null}},"73":{"start":{"line":131,"column":4},"end":{"line":142,"column":null}},"74":{"start":{"line":131,"column":24},"end":{"line":142,"column":6}},"75":{"start":{"line":132,"column":6},"end":{"line":140,"column":null}},"76":{"start":{"line":133,"column":8},"end":{"line":138,"column":null}},"77":{"start":{"line":139,"column":8},"end":{"line":139,"column":null}},"78":{"start":{"line":141,"column":6},"end":{"line":141,"column":null}},"79":{"start":{"line":145,"column":8},"end":{"line":148,"column":null}},"80":{"start":{"line":146,"column":4},"end":{"line":146,"column":null}},"81":{"start":{"line":150,"column":8},"end":{"line":159,"column":null}},"82":{"start":{"line":151,"column":4},"end":{"line":151,"column":null}},"83":{"start":{"line":152,"column":4},"end":{"line":152,"column":null}},"84":{"start":{"line":153,"column":4},"end":{"line":153,"column":null}},"85":{"start":{"line":154,"column":4},"end":{"line":154,"column":null}},"86":{"start":{"line":155,"column":4},"end":{"line":155,"column":null}},"87":{"start":{"line":156,"column":4},"end":{"line":156,"column":null}},"88":{"start":{"line":157,"column":4},"end":{"line":157,"column":null}},"89":{"start":{"line":158,"column":4},"end":{"line":158,"column":null}},"90":{"start":{"line":161,"column":2},"end":{"line":164,"column":null}},"91":{"start":{"line":168,"column":13},"end":{"line":172,"column":null}},"92":{"start":{"line":169,"column":8},"end":{"line":169,"column":null}},"93":{"start":{"line":170,"column":2},"end":{"line":170,"column":null}},"94":{"start":{"line":170,"column":16},"end":{"line":170,"column":null}},"95":{"start":{"line":171,"column":2},"end":{"line":171,"column":null}}},"fnMap":{"0":{"name":"(anonymous_0)","decl":{"start":{"line":41,"column":13},"end":{"line":41,"column":63}},"loc":{"start":{"line":41,"column":80},"end":{"line":166,"column":null}},"line":41},"1":{"name":"(anonymous_1)","decl":{"start":{"line":43,"column":32},"end":{"line":43,"column":67}},"loc":{"start":{"line":43,"column":67},"end":{"line":45,"column":3}},"line":43},"2":{"name":"(anonymous_2)","decl":{"start":{"line":46,"column":28},"end":{"line":46,"column":54}},"loc":{"start":{"line":46,"column":54},"end":{"line":48,"column":3}},"line":46},"3":{"name":"(anonymous_3)","decl":{"start":{"line":49,"column":26},"end":{"line":49,"column":56}},"loc":{"start":{"line":49,"column":56},"end":{"line":51,"column":3}},"line":49},"4":{"name":"(anonymous_4)","decl":{"start":{"line":52,"column":34},"end":{"line":52,"column":62}},"loc":{"start":{"line":52,"column":62},"end":{"line":54,"column":3}},"line":52},"5":{"name":"(anonymous_5)","decl":{"start":{"line":58,"column":34},"end":{"line":58,"column":71}},"loc":{"start":{"line":58,"column":71},"end":{"line":64,"column":3}},"line":58},"6":{"name":"(anonymous_6)","decl":{"start":{"line":66,"column":2},"end":{"line":66,"column":18}},"loc":{"start":{"line":66,"column":18},"end":{"line":70,"column":5}},"line":66},"7":{"name":"(anonymous_7)","decl":{"start":{"line":73,"column":2},"end":{"line":73,"column":18}},"loc":{"start":{"line":73,"column":18},"end":{"line":73,"column":84}},"line":73},"8":{"name":"(anonymous_8)","decl":{"start":{"line":74,"column":2},"end":{"line":74,"column":18}},"loc":{"start":{"line":74,"column":18},"end":{"line":74,"column":80}},"line":74},"9":{"name":"(anonymous_9)","decl":{"start":{"line":75,"column":2},"end":{"line":75,"column":18}},"loc":{"start":{"line":75,"column":18},"end":{"line":75,"column":78}},"line":75},"10":{"name":"(anonymous_10)","decl":{"start":{"line":76,"column":2},"end":{"line":76,"column":18}},"loc":{"start":{"line":76,"column":18},"end":{"line":76,"column":86}},"line":76},"11":{"name":"(anonymous_11)","decl":{"start":{"line":78,"column":8},"end":{"line":78,"column":25}},"loc":{"start":{"line":78,"column":59},"end":{"line":80,"column":null}},"line":78},"12":{"name":"(anonymous_12)","decl":{"start":{"line":79,"column":4},"end":{"line":79,"column":15}},"loc":{"start":{"line":79,"column":23},"end":{"line":79,"column":60}},"line":79},"13":{"name":"(anonymous_13)","decl":{"start":{"line":82,"column":2},"end":{"line":82,"column":18}},"loc":{"start":{"line":82,"column":18},"end":{"line":93,"column":5}},"line":82},"14":{"name":"(anonymous_14)","decl":{"start":{"line":84,"column":28},"end":{"line":84,"column":40}},"loc":{"start":{"line":84,"column":40},"end":{"line":89,"column":null}},"line":84},"15":{"name":"(anonymous_15)","decl":{"start":{"line":95,"column":8},"end":{"line":95,"column":18}},"loc":{"start":{"line":95,"column":64},"end":{"line":128,"column":null}},"line":95},"16":{"name":"(anonymous_16)","decl":{"start":{"line":101,"column":4},"end":{"line":101,"column":12}},"loc":{"start":{"line":101,"column":20},"end":{"line":101,"column":37}},"line":101},"17":{"name":"(anonymous_17)","decl":{"start":{"line":103,"column":4},"end":{"line":103,"column":13}},"loc":{"start":{"line":103,"column":21},"end":{"line":127,"column":5}},"line":103},"18":{"name":"(anonymous_18)","decl":{"start":{"line":130,"column":8},"end":{"line":130,"column":27}},"loc":{"start":{"line":130,"column":42},"end":{"line":143,"column":null}},"line":130},"19":{"name":"(anonymous_19)","decl":{"start":{"line":131,"column":4},"end":{"line":131,"column":16}},"loc":{"start":{"line":131,"column":24},"end":{"line":142,"column":6}},"line":131},"20":{"name":"(anonymous_20)","decl":{"start":{"line":131,"column":29},"end":{"line":131,"column":33}},"loc":{"start":{"line":131,"column":38},"end":{"line":142,"column":5}},"line":131},"21":{"name":"(anonymous_21)","decl":{"start":{"line":145,"column":8},"end":{"line":145,"column":23}},"loc":{"start":{"line":145,"column":23},"end":{"line":148,"column":null}},"line":145},"22":{"name":"(anonymous_22)","decl":{"start":{"line":150,"column":8},"end":{"line":150,"column":25}},"loc":{"start":{"line":150,"column":25},"end":{"line":159,"column":null}},"line":150},"23":{"name":"(anonymous_23)","decl":{"start":{"line":168,"column":13},"end":{"line":168,"column":35}},"loc":{"start":{"line":168,"column":35},"end":{"line":172,"column":null}},"line":168}},"branchMap":{"0":{"loc":{"start":{"line":44,"column":67},"end":{"line":44,"column":101}},"type":"cond-expr","locations":[{"start":{"line":44,"column":75},"end":{"line":44,"column":95}},{"start":{"line":44,"column":95},"end":{"line":44,"column":101}}],"line":44},"1":{"loc":{"start":{"line":47,"column":65},"end":{"line":47,"column":107}},"type":"cond-expr","locations":[{"start":{"line":47,"column":73},"end":{"line":47,"column":93}},{"start":{"line":47,"column":93},"end":{"line":47,"column":107}}],"line":47},"2":{"loc":{"start":{"line":50,"column":64},"end":{"line":50,"column":96}},"type":"cond-expr","locations":[{"start":{"line":50,"column":72},"end":{"line":50,"column":92}},{"start":{"line":50,"column":92},"end":{"line":50,"column":96}}],"line":50},"3":{"loc":{"start":{"line":53,"column":68},"end":{"line":53,"column":100}},"type":"cond-expr","locations":[{"start":{"line":53,"column":76},"end":{"line":53,"column":96}},{"start":{"line":53,"column":96},"end":{"line":53,"column":100}}],"line":53},"4":{"loc":{"start":{"line":60,"column":14},"end":{"line":60,"column":null}},"type":"binary-expr","locations":[{"start":{"line":60,"column":14},"end":{"line":60,"column":79}},{"start":{"line":60,"column":79},"end":{"line":60,"column":null}}],"line":60},"5":{"loc":{"start":{"line":79,"column":23},"end":{"line":79,"column":60}},"type":"cond-expr","locations":[{"start":{"line":79,"column":30},"end":{"line":79,"column":56}},{"start":{"line":79,"column":56},"end":{"line":79,"column":60}}],"line":79},"6":{"loc":{"start":{"line":83,"column":4},"end":{"line":91,"column":null}},"type":"if","locations":[{"start":{"line":83,"column":4},"end":{"line":91,"column":null}},{"start":{},"end":{}}],"line":83},"7":{"loc":{"start":{"line":83,"column":8},"end":{"line":83,"column":95}},"type":"binary-expr","locations":[{"start":{"line":83,"column":8},"end":{"line":83,"column":19}},{"start":{"line":83,"column":19},"end":{"line":83,"column":44}},{"start":{"line":83,"column":44},"end":{"line":83,"column":95}}],"line":83},"8":{"loc":{"start":{"line":105,"column":23},"end":{"line":105,"column":null}},"type":"cond-expr","locations":[{"start":{"line":105,"column":46},"end":{"line":105,"column":75}},{"start":{"line":105,"column":75},"end":{"line":105,"column":null}}],"line":105},"9":{"loc":{"start":{"line":108,"column":6},"end":{"line":108,"column":null}},"type":"if","locations":[{"start":{"line":108,"column":6},"end":{"line":108,"column":null}},{"start":{},"end":{}}],"line":108},"10":{"loc":{"start":{"line":108,"column":10},"end":{"line":108,"column":61}},"type":"binary-expr","locations":[{"start":{"line":108,"column":10},"end":{"line":108,"column":47}},{"start":{"line":108,"column":47},"end":{"line":108,"column":61}}],"line":108},"11":{"loc":{"start":{"line":109,"column":6},"end":{"line":109,"column":null}},"type":"if","locations":[{"start":{"line":109,"column":6},"end":{"line":109,"column":null}},{"start":{},"end":{}}],"line":109},"12":{"loc":{"start":{"line":109,"column":10},"end":{"line":109,"column":55}},"type":"binary-expr","locations":[{"start":{"line":109,"column":10},"end":{"line":109,"column":41}},{"start":{"line":109,"column":41},"end":{"line":109,"column":55}}],"line":109},"13":{"loc":{"start":{"line":110,"column":6},"end":{"line":110,"column":null}},"type":"if","locations":[{"start":{"line":110,"column":6},"end":{"line":110,"column":null}},{"start":{},"end":{}}],"line":110},"14":{"loc":{"start":{"line":110,"column":10},"end":{"line":110,"column":55}},"type":"binary-expr","locations":[{"start":{"line":110,"column":10},"end":{"line":110,"column":41}},{"start":{"line":110,"column":41},"end":{"line":110,"column":55}}],"line":110},"15":{"loc":{"start":{"line":111,"column":6},"end":{"line":111,"column":null}},"type":"if","locations":[{"start":{"line":111,"column":6},"end":{"line":111,"column":null}},{"start":{},"end":{}}],"line":111},"16":{"loc":{"start":{"line":111,"column":10},"end":{"line":111,"column":59}},"type":"binary-expr","locations":[{"start":{"line":111,"column":10},"end":{"line":111,"column":45}},{"start":{"line":111,"column":45},"end":{"line":111,"column":59}}],"line":111},"17":{"loc":{"start":{"line":118,"column":69},"end":{"line":118,"column":99}},"type":"cond-expr","locations":[{"start":{"line":118,"column":92},"end":{"line":118,"column":96}},{"start":{"line":118,"column":96},"end":{"line":118,"column":99}}],"line":118},"18":{"loc":{"start":{"line":132,"column":6},"end":{"line":140,"column":null}},"type":"if","locations":[{"start":{"line":132,"column":6},"end":{"line":140,"column":null}},{"start":{},"end":{}}],"line":132},"19":{"loc":{"start":{"line":132,"column":10},"end":{"line":132,"column":39}},"type":"binary-expr","locations":[{"start":{"line":132,"column":10},"end":{"line":132,"column":25}},{"start":{"line":132,"column":25},"end":{"line":132,"column":39}}],"line":132},"20":{"loc":{"start":{"line":170,"column":2},"end":{"line":170,"column":null}},"type":"if","locations":[{"start":{"line":170,"column":2},"end":{"line":170,"column":null}},{"start":{},"end":{}}],"line":170}},"s":{"0":2,"1":2,"2":2,"3":2,"4":2,"5":2,"6":2,"7":0,"8":2,"9":2,"10":2,"11":2,"12":0,"13":2,"14":2,"15":2,"16":2,"17":0,"18":2,"19":2,"20":2,"21":2,"22":0,"23":2,"24":2,"25":2,"26":2,"27":0,"28":2,"29":2,"30":2,"31":2,"32":2,"33":2,"34":2,"35":2,"36":2,"37":2,"38":2,"39":2,"40":0,"41":0,"42":2,"43":2,"44":0,"45":0,"46":0,"47":0,"48":0,"49":0,"50":2,"51":0,"52":0,"53":0,"54":0,"55":0,"56":0,"57":0,"58":0,"59":0,"60":0,"61":0,"62":0,"63":0,"64":0,"65":0,"66":0,"67":0,"68":0,"69":0,"70":0,"71":0,"72":2,"73":0,"74":0,"75":0,"76":0,"77":0,"78":0,"79":2,"80":0,"81":2,"82":0,"83":0,"84":0,"85":0,"86":0,"87":0,"88":0,"89":0,"90":2,"91":2,"92":2,"93":2,"94":0,"95":2},"f":{"0":2,"1":2,"2":2,"3":2,"4":2,"5":2,"6":2,"7":2,"8":2,"9":2,"10":2,"11":0,"12":0,"13":2,"14":0,"15":0,"16":0,"17":0,"18":0,"19":0,"20":0,"21":0,"22":0,"23":2},"b":{"0":[1,1],"1":[1,1],"2":[1,1],"3":[1,1],"4":[2,1],"5":[0,0],"6":[0,2],"7":[2,0,0],"8":[0,0],"9":[0,0],"10":[0,0],"11":[0,0],"12":[0,0],"13":[0,0],"14":[0,0],"15":[0,0],"16":[0,0],"17":[0,0],"18":[0,0],"19":[0,0],"20":[0,2]},"meta":{"lastBranch":21,"lastFunction":24,"lastStatement":96,"seen":{"s:21:32:37:Infinity":0,"s:39:6:39:Infinity":1,"s:41:13:166:Infinity":2,"f:41:13:41:63":0,"s:43:18:45:Infinity":3,"f:43:32:43:67":1,"s:44:4:44:Infinity":4,"s:44:24:44:60":5,"s:44:60:44:101":6,"b:44:75:44:95:44:95:44:101":0,"s:44:111:44:124":7,"s:46:16:48:Infinity":8,"f:46:28:46:54":2,"s:47:4:47:Infinity":9,"s:47:24:47:58":10,"s:47:58:47:107":11,"b:47:73:47:93:47:93:47:107":1,"s:47:117:47:138":12,"s:49:15:51:Infinity":13,"f:49:26:49:56":3,"s:50:4:50:Infinity":14,"s:50:24:50:57":15,"s:50:57:50:96":16,"b:50:72:50:92:50:92:50:96":2,"s:50:106:50:117":17,"s:52:19:54:Infinity":18,"f:52:34:52:62":4,"s:53:4:53:Infinity":19,"s:53:24:53:61":20,"s:53:61:53:100":21,"b:53:76:53:96:53:96:53:100":3,"s:53:110:53:121":22,"s:56:28:56:Infinity":23,"s:58:19:64:Infinity":24,"f:58:34:58:71":5,"s:59:4:63:Infinity":25,"s:60:6:60:Infinity":26,"b:60:14:60:79:60:79:60:Infinity":4,"s:62:6:62:Infinity":27,"s:66:2:70:Infinity":28,"f:66:2:66:18":6,"s:67:4:69:Infinity":29,"s:68:6:68:Infinity":30,"s:73:2:73:Infinity":31,"f:73:2:73:18":7,"s:73:20:73:81":32,"s:74:2:74:Infinity":33,"f:74:2:74:18":8,"s:74:20:74:77":34,"s:75:2:75:Infinity":35,"f:75:2:75:18":9,"s:75:20:75:75":36,"s:76:2:76:Infinity":37,"f:76:2:76:18":10,"s:76:20:76:83":38,"s:78:8:80:Infinity":39,"f:78:8:78:25":11,"s:79:4:79:Infinity":40,"f:79:4:79:15":12,"s:79:23:79:60":41,"b:79:30:79:56:79:56:79:60":5,"s:82:2:93:Infinity":42,"f:82:2:82:18":13,"b:83:4:91:Infinity:undefined:undefined:undefined:undefined":6,"s:83:4:91:Infinity":43,"b:83:8:83:19:83:19:83:44:83:44:83:95":7,"s:84:28:89:Infinity":44,"f:84:28:84:40":14,"s:85:8:85:Infinity":45,"s:86:28:86:Infinity":46,"s:87:8:87:Infinity":47,"s:88:8:88:Infinity":48,"s:90:6:90:Infinity":49,"s:95:8:128:Infinity":50,"f:95:8:95:18":15,"s:96:32:100:Infinity":51,"s:101:4:101:Infinity":52,"f:101:4:101:12":16,"s:101:20:101:37":53,"s:103:4:127:Infinity":54,"f:103:4:103:13":17,"s:104:20:104:Infinity":55,"s:105:23:105:Infinity":56,"b:105:46:105:75:105:75:105:Infinity":8,"s:107:18:107:21":57,"s:107:28:107:31":58,"s:107:39:107:42":59,"s:107:50:107:Infinity":60,"b:108:6:108:Infinity:undefined:undefined:undefined:undefined":9,"s:108:6:108:Infinity":61,"b:108:10:108:47:108:47:108:61":10,"s:108:63:108:84":62,"s:108:84:108:105":63,"b:109:6:109:Infinity:undefined:undefined:undefined:undefined":11,"s:109:6:109:Infinity":64,"b:109:10:109:41:109:41:109:55":12,"s:109:57:109:80":65,"s:109:80:109:102":66,"b:110:6:110:Infinity:undefined:undefined:undefined:undefined":13,"s:110:6:110:Infinity":67,"b:110:10:110:41:110:41:110:55":14,"s:110:57:110:81":68,"b:111:6:111:Infinity:undefined:undefined:undefined:undefined":15,"s:111:6:111:Infinity":69,"b:111:10:111:45:111:45:111:59":16,"s:111:61:111:85":70,"s:113:6:126:Infinity":71,"b:118:92:118:96:118:96:118:99":17,"s:130:8:143:Infinity":72,"f:130:8:130:27":18,"s:131:4:142:Infinity":73,"f:131:4:131:16":19,"s:131:24:142:6":74,"f:131:29:131:33":20,"b:132:6:140:Infinity:undefined:undefined:undefined:undefined":18,"s:132:6:140:Infinity":75,"b:132:10:132:25:132:25:132:39":19,"s:133:8:138:Infinity":76,"s:139:8:139:Infinity":77,"s:141:6:141:Infinity":78,"s:145:8:148:Infinity":79,"f:145:8:145:23":21,"s:146:4:146:Infinity":80,"s:150:8:159:Infinity":81,"f:150:8:150:25":22,"s:151:4:151:Infinity":82,"s:152:4:152:Infinity":83,"s:153:4:153:Infinity":84,"s:154:4:154:Infinity":85,"s:155:4:155:Infinity":86,"s:156:4:156:Infinity":87,"s:157:4:157:Infinity":88,"s:158:4:158:Infinity":89,"s:161:2:164:Infinity":90,"s:168:13:172:Infinity":91,"f:168:13:168:35":23,"s:169:8:169:Infinity":92,"b:170:2:170:Infinity:undefined:undefined:undefined:undefined":20,"s:170:2:170:Infinity":93,"s:170:16:170:Infinity":94,"s:171:2:171:Infinity":95},"fnNames":{}}}
,"C:\\Users\\SURAJ\\Desktop\\personal apps\\smart-carbon-footprint-tracker\\frontend\\hooks\\useWasteTips.ts": {"path":"C:\\Users\\SURAJ\\Desktop\\personal apps\\smart-carbon-footprint-tracker\\frontend\\hooks\\useWasteTips.ts","statementMap":{"0":{"start":{"line":9,"column":13},"end":{"line":25,"column":null}},"1":{"start":{"line":10,"column":15},"end":{"line":10,"column":null}},"2":{"start":{"line":12,"column":2},"end":{"line":22,"column":null}},"3":{"start":{"line":14,"column":35},"end":{"line":20,"column":null}},"4":{"start":{"line":21,"column":4},"end":{"line":21,"column":null}},"5":{"start":{"line":24,"column":2},"end":{"line":24,"column":null}}},"fnMap":{"0":{"name":"(anonymous_0)","decl":{"start":{"line":9,"column":13},"end":{"line":9,"column":34}},"loc":{"start":{"line":9,"column":34},"end":{"line":25,"column":null}},"line":9},"1":{"name":"(anonymous_1)","decl":{"start":{"line":12,"column":2},"end":{"line":12,"column":18}},"loc":{"start":{"line":12,"column":18},"end":{"line":22,"column":5}},"line":12}},"branchMap":{},"s":{"0":1,"1":6,"2":6,"3":2,"4":2,"5":6},"f":{"0":6,"1":2},"b":{},"meta":{"lastBranch":0,"lastFunction":2,"lastStatement":6,"seen":{"s:9:13:25:Infinity":0,"f:9:13:9:34":0,"s:10:15:10:Infinity":1,"s:12:2:22:Infinity":2,"f:12:2:12:18":1,"s:14:35:20:Infinity":3,"s:21:4:21:Infinity":4,"s:24:2:24:Infinity":5},"fnNames":{}}}
,"C:\\Users\\SURAJ\\Desktop\\personal apps\\smart-carbon-footprint-tracker\\frontend\\services\\ai.ts": {"path":"C:\\Users\\SURAJ\\Desktop\\personal apps\\smart-carbon-footprint-tracker\\frontend\\services\\ai.ts","statementMap":{"0":{"start":{"line":4,"column":11},"end":{"line":4,"column":null}},"1":{"start":{"line":6,"column":37},"end":{"line":55,"column":null}},"2":{"start":{"line":7,"column":2},"end":{"line":54,"column":null}},"3":{"start":{"line":8,"column":19},"end":{"line":14,"column":null}},"4":{"start":{"line":18,"column":21},"end":{"line":40,"column":null}},"5":{"start":{"line":42,"column":4},"end":{"line":45,"column":null}},"6":{"start":{"line":43,"column":23},"end":{"line":43,"column":null}},"7":{"start":{"line":44,"column":6},"end":{"line":44,"column":null}},"8":{"start":{"line":44,"column":39},"end":{"line":44,"column":66}},"9":{"start":{"line":46,"column":4},"end":{"line":46,"column":null}},"10":{"start":{"line":48,"column":4},"end":{"line":48,"column":null}},"11":{"start":{"line":49,"column":4},"end":{"line":53,"column":null}},"12":{"start":{"line":57,"column":34},"end":{"line":87,"column":null}},"13":{"start":{"line":58,"column":2},"end":{"line":86,"column":null}},"14":{"start":{"line":59,"column":19},"end":{"line":59,"column":null}},"15":{"start":{"line":62,"column":21},"end":{"line":77,"column":null}},"16":{"start":{"line":79,"column":4},"end":{"line":81,"column":null}},"17":{"start":{"line":80,"column":6},"end":{"line":80,"column":null}},"18":{"start":{"line":82,"column":4},"end":{"line":82,"column":null}},"19":{"start":{"line":84,"column":4},"end":{"line":84,"column":null}},"20":{"start":{"line":85,"column":4},"end":{"line":85,"column":null}}},"fnMap":{"0":{"name":"(anonymous_0)","decl":{"start":{"line":6,"column":37},"end":{"line":6,"column":44}},"loc":{"start":{"line":6,"column":91},"end":{"line":55,"column":null}},"line":6},"1":{"name":"(anonymous_1)","decl":{"start":{"line":44,"column":22},"end":{"line":44,"column":27}},"loc":{"start":{"line":44,"column":39},"end":{"line":44,"column":66}},"line":44},"2":{"name":"(anonymous_2)","decl":{"start":{"line":57,"column":34},"end":{"line":57,"column":41}},"loc":{"start":{"line":57,"column":129},"end":{"line":87,"column":null}},"line":57}},"branchMap":{"0":{"loc":{"start":{"line":10,"column":44},"end":{"line":10,"column":null}},"type":"binary-expr","locations":[{"start":{"line":10,"column":44},"end":{"line":10,"column":66}},{"start":{"line":10,"column":66},"end":{"line":10,"column":null}}],"line":10},"1":{"loc":{"start":{"line":13,"column":25},"end":{"line":13,"column":null}},"type":"binary-expr","locations":[{"start":{"line":13,"column":25},"end":{"line":13,"column":47}},{"start":{"line":13,"column":47},"end":{"line":13,"column":null}}],"line":13},"2":{"loc":{"start":{"line":14,"column":27},"end":{"line":14,"column":null}},"type":"binary-expr","locations":[{"start":{"line":14,"column":27},"end":{"line":14,"column":46}},{"start":{"line":14,"column":46},"end":{"line":14,"column":null}}],"line":14},"3":{"loc":{"start":{"line":42,"column":4},"end":{"line":45,"column":null}},"type":"if","locations":[{"start":{"line":42,"column":4},"end":{"line":45,"column":null}},{"start":{},"end":{}}],"line":42},"4":{"loc":{"start":{"line":79,"column":4},"end":{"line":81,"column":null}},"type":"if","locations":[{"start":{"line":79,"column":4},"end":{"line":81,"column":null}},{"start":{},"end":{}}],"line":79}},"s":{"0":3,"1":3,"2":1,"3":1,"4":1,"5":1,"6":1,"7":1,"8":1,"9":0,"10":0,"11":0,"12":3,"13":1,"14":1,"15":1,"16":1,"17":1,"18":0,"19":0,"20":0},"f":{"0":1,"1":1,"2":1},"b":{"0":[1,1],"1":[1,1],"2":[1,1],"3":[1,0],"4":[1,0]},"meta":{"lastBranch":5,"lastFunction":3,"lastStatement":21,"seen":{"s:4:11:4:Infinity":0,"s:6:37:55:Infinity":1,"f:6:37:6:44":0,"s:7:2:54:Infinity":2,"s:8:19:14:Infinity":3,"b:10:44:10:66:10:66:10:Infinity":0,"b:13:25:13:47:13:47:13:Infinity":1,"b:14:27:14:46:14:46:14:Infinity":2,"s:18:21:40:Infinity":4,"b:42:4:45:Infinity:undefined:undefined:undefined:undefined":3,"s:42:4:45:Infinity":5,"s:43:23:43:Infinity":6,"s:44:6:44:Infinity":7,"f:44:22:44:27":1,"s:44:39:44:66":8,"s:46:4:46:Infinity":9,"s:48:4:48:Infinity":10,"s:49:4:53:Infinity":11,"s:57:34:87:Infinity":12,"f:57:34:57:41":2,"s:58:2:86:Infinity":13,"s:59:19:59:Infinity":14,"s:62:21:77:Infinity":15,"b:79:4:81:Infinity:undefined:undefined:undefined:undefined":4,"s:79:4:81:Infinity":16,"s:80:6:80:Infinity":17,"s:82:4:82:Infinity":18,"s:84:4:84:Infinity":19,"s:85:4:85:Infinity":20},"fnNames":{}}}
,"C:\\Users\\SURAJ\\Desktop\\personal apps\\smart-carbon-footprint-tracker\\frontend\\services\\translation.ts": {"path":"C:\\Users\\SURAJ\\Desktop\\personal apps\\smart-carbon-footprint-tracker\\frontend\\services\\translation.ts","statementMap":{"0":{"start":{"line":3,"column":68},"end":{"line":384,"column":null}},"1":{"start":{"line":386,"column":13},"end":{"line":396,"column":null}},"2":{"start":{"line":387,"column":10},"end":{"line":387,"column":null}},"3":{"start":{"line":388,"column":15},"end":{"line":388,"column":null}},"4":{"start":{"line":389,"column":15},"end":{"line":389,"column":null}},"5":{"start":{"line":391,"column":8},"end":{"line":393,"column":null}},"6":{"start":{"line":392,"column":4},"end":{"line":392,"column":null}},"7":{"start":{"line":395,"column":2},"end":{"line":395,"column":null}}},"fnMap":{"0":{"name":"(anonymous_0)","decl":{"start":{"line":386,"column":13},"end":{"line":386,"column":36}},"loc":{"start":{"line":386,"column":36},"end":{"line":396,"column":null}},"line":386},"1":{"name":"(anonymous_1)","decl":{"start":{"line":391,"column":8},"end":{"line":391,"column":13}},"loc":{"start":{"line":391,"column":37},"end":{"line":393,"column":null}},"line":391}},"branchMap":{"0":{"loc":{"start":{"line":388,"column":15},"end":{"line":388,"column":null}},"type":"binary-expr","locations":[{"start":{"line":388,"column":15},"end":{"line":388,"column":36}},{"start":{"line":388,"column":36},"end":{"line":388,"column":null}}],"line":388},"1":{"loc":{"start":{"line":389,"column":15},"end":{"line":389,"column":null}},"type":"binary-expr","locations":[{"start":{"line":389,"column":15},"end":{"line":389,"column":37}},{"start":{"line":389,"column":37},"end":{"line":389,"column":null}}],"line":389},"2":{"loc":{"start":{"line":392,"column":11},"end":{"line":392,"column":null}},"type":"binary-expr","locations":[{"start":{"line":392,"column":11},"end":{"line":392,"column":24}},{"start":{"line":392,"column":24},"end":{"line":392,"column":56}},{"start":{"line":392,"column":56},"end":{"line":392,"column":null}}],"line":392}},"s":{"0":4,"1":4,"2":5,"3":5,"4":5,"5":5,"6":35,"7":5},"f":{"0":5,"1":35},"b":{"0":[5,0],"1":[5,0],"2":[35,1,1]},"meta":{"lastBranch":3,"lastFunction":2,"lastStatement":8,"seen":{"s:3:68:384:Infinity":0,"s:386:13:396:Infinity":1,"f:386:13:386:36":0,"s:387:10:387:Infinity":2,"s:388:15:388:Infinity":3,"b:388:15:388:36:388:36:388:Infinity":0,"s:389:15:389:Infinity":4,"b:389:15:389:37:389:37:389:Infinity":1,"s:391:8:393:Infinity":5,"f:391:8:391:13":1,"s:392:4:392:Infinity":6,"b:392:11:392:24:392:24:392:56:392:56:392:Infinity":2,"s:395:2:395:Infinity":7},"fnNames":{}}}
}
